<?xml version="1.0" encoding="utf-8"?>
<test-run id="2" testcasecount="320" result="Skipped:Ignored" total="320" passed="318" failed="0" inconclusive="0" skipped="2" asserts="0" engine-version="3.5.0.0" clr-version="4.0.30319.42000" start-time="2026-09-15 18:43:21Z" end-time="2026-09-15 18:44:56Z" duration="94.5665656">
  <test-suite type="TestSuite" id="1378" name="DuckRoulette" fullname="DuckRoulette" runstate="Runnable" testcasecount="320" result="Skipped" label="Ignored" start-time="2026-09-15 18:43:21Z" end-time="2026-09-15 18:44:56Z" duration="94.566566" total="320" passed="318" failed="0" inconclusive="0" skipped="2" asserts="0">
    <properties>
      <property name="platform" value="EditMode" />
    </properties>
    <reason>
      <message><![CDATA[One or more child tests were ignored]]></message>
    </reason>
    <test-suite type="Assembly" id="1360" name="Assembly-CSharp-Editor.dll" fullname="C:/Users/azerh/UnityProjects/DuckRoulette/Library/ScriptAssemblies/Assembly-CSharp-Editor.dll" runstate="Runnable" testcasecount="320" result="Skipped" label="Ignored" start-time="2026-09-15 18:43:21Z" end-time="2026-09-15 18:44:56Z" duration="94.459428" total="320" passed="318" failed="0" inconclusive="0" skipped="2" asserts="0">
      <properties>
        <property name="_PID" value="37424" />
        <property name="_APPDOMAIN" value="Unity Child Domain" />
        <property name="platform" value="EditMode" />
        <property name="EditorOnly" value="True" />
      </properties>
      <reason>
        <message><![CDATA[One or more child tests were ignored]]></message>
      </reason>
      <test-suite type="TestSuite" id="1361" name="DuckRoulette" fullname="DuckRoulette" runstate="Runnable" testcasecount="320" result="Skipped" label="Ignored" start-time="2026-09-15 18:43:21Z" end-time="2026-09-15 18:44:56Z" duration="94.458383" total="320" passed="318" failed="0" inconclusive="0" skipped="2" asserts="0">
        <properties />
        <reason>
          <message><![CDATA[One or more child tests were ignored]]></message>
        </reason>
        <test-suite type="TestSuite" id="1362" name="Tests" fullname="DuckRoulette.Tests" runstate="Runnable" testcasecount="320" result="Skipped" label="Ignored" start-time="2026-09-15 18:43:21Z" end-time="2026-09-15 18:44:56Z" duration="94.356973" total="320" passed="318" failed="0" inconclusive="0" skipped="2" asserts="0">
          <properties />
          <reason>
            <message><![CDATA[One or more child tests were ignored]]></message>
          </reason>
          <test-suite type="TestSuite" id="1365" name="Functional" fullname="DuckRoulette.Tests.Functional" runstate="Runnable" testcasecount="128" result="Passed" start-time="2026-09-15 18:43:21Z" end-time="2026-09-15 18:44:19Z" duration="58.022721" total="128" passed="128" failed="0" inconclusive="0" skipped="0" asserts="0">
            <properties />
            <test-suite type="TestFixture" id="1224" name="HostTurnFlowTests" fullname="DuckRoulette.Tests.Functional.HostTurnFlowTests" classname="DuckRoulette.Tests.Functional.HostTurnFlowTests" runstate="Runnable" testcasecount="8" result="Passed" start-time="2026-09-15 18:43:21Z" end-time="2026-09-15 18:44:05Z" duration="43.999329" total="8" passed="8" failed="0" inconclusive="0" skipped="0" asserts="0">
              <properties>
                <property name="Category" value="Functional" />
              </properties>
              <test-case id="1229" name="GetRandomClientId_NeverPicksShooterOrDeadPlayers" fullname="DuckRoulette.Tests.Functional.HostTurnFlowTests.GetRandomClientId_NeverPicksShooterOrDeadPlayers" methodname="GetRandomClientId_NeverPicksShooterOrDeadPlayers" classname="DuckRoulette.Tests.Functional.HostTurnFlowTests" runstate="Runnable" seed="1650870376" result="Passed" start-time="2026-09-15 18:43:21Z" end-time="2026-09-15 18:43:34Z" duration="12.986652" asserts="0">
                <properties>
                  <property name="_JOINTYPE" value="UnityCombinatorial" />
                  <property name="retryIteration" value="0" />
                  <property name="repeatIteration" value="0" />
                </properties>
              </test-case>
              <test-case id="1231" name="GetRandomClientId_PrefersPlayersWithNoOpenTasks_FallsBackToAllAlive" fullname="DuckRoulette.Tests.Functional.HostTurnFlowTests.GetRandomClientId_PrefersPlayersWithNoOpenTasks_FallsBackToAllAlive" methodname="GetRandomClientId_PrefersPlayersWithNoOpenTasks_FallsBackToAllAlive" classname="DuckRoulette.Tests.Functional.HostTurnFlowTests" runstate="Runnable" seed="1015901112" result="Passed" start-time="2026-09-15 18:43:34Z" end-time="2026-09-15 18:43:38Z" duration="4.063332" asserts="0">
                <properties>
                  <property name="_JOINTYPE" value="UnityCombinatorial" />
                  <property name="retryIteration" value="0" />
                  <property name="repeatIteration" value="0" />
                </properties>
              </test-case>
              <test-case id="1230" name="GetRandomClientId_ShooterAlone_KeepsGun" fullname="DuckRoulette.Tests.Functional.HostTurnFlowTests.GetRandomClientId_ShooterAlone_KeepsGun" methodname="GetRandomClientId_ShooterAlone_KeepsGun" classname="DuckRoulette.Tests.Functional.HostTurnFlowTests" runstate="Runnable" seed="1275508210" result="Passed" start-time="2026-09-15 18:43:38Z" end-time="2026-09-15 18:43:42Z" duration="4.061080" asserts="0">
                <properties>
                  <property name="_JOINTYPE" value="UnityCombinatorial" />
                  <property name="retryIteration" value="0" />
                  <property name="repeatIteration" value="0" />
                </properties>
              </test-case>
              <test-case id="1228" name="RoundTimeout_PassesGunWithoutAdvancingChamber" fullname="DuckRoulette.Tests.Functional.HostTurnFlowTests.RoundTimeout_PassesGunWithoutAdvancingChamber" methodname="RoundTimeout_PassesGunWithoutAdvancingChamber" classname="DuckRoulette.Tests.Functional.HostTurnFlowTests" runstate="Runnable" seed="637121707" result="Passed" start-time="2026-09-15 18:43:42Z" end-time="2026-09-15 18:43:49Z" duration="6.399952" asserts="0">
                <properties>
                  <property name="_JOINTYPE" value="UnityCombinatorial" />
                  <property name="retryIteration" value="0" />
                  <property name="repeatIteration" value="0" />
                </properties>
              </test-case>
              <test-case id="1226" name="Shot_AdvancesChamberAndWrapsAfterSix" fullname="DuckRoulette.Tests.Functional.HostTurnFlowTests.Shot_AdvancesChamberAndWrapsAfterSix" methodname="Shot_AdvancesChamberAndWrapsAfterSix" classname="DuckRoulette.Tests.Functional.HostTurnFlowTests" runstate="Runnable" seed="647533786" result="Passed" start-time="2026-09-15 18:43:49Z" end-time="2026-09-15 18:43:53Z" duration="4.465344" asserts="0">
                <properties>
                  <property name="_JOINTYPE" value="UnityCombinatorial" />
                  <property name="retryIteration" value="0" />
                  <property name="repeatIteration" value="0" />
                </properties>
              </test-case>
              <test-case id="1227" name="ShotChangedToFalse_ChangesNothing" fullname="DuckRoulette.Tests.Functional.HostTurnFlowTests.ShotChangedToFalse_ChangesNothing" methodname="ShotChangedToFalse_ChangesNothing" classname="DuckRoulette.Tests.Functional.HostTurnFlowTests" runstate="Runnable" seed="482363536" result="Passed" start-time="2026-09-15 18:43:53Z" end-time="2026-09-15 18:43:57Z" duration="3.909574" asserts="0">
                <properties>
                  <property name="_JOINTYPE" value="UnityCombinatorial" />
                  <property name="retryIteration" value="0" />
                  <property name="repeatIteration" value="0" />
                </properties>
              </test-case>
              <test-case id="1225" name="Spawn_SoleHostGetsGun_AndRoundStarts" fullname="DuckRoulette.Tests.Functional.HostTurnFlowTests.Spawn_SoleHostGetsGun_AndRoundStarts" methodname="Spawn_SoleHostGetsGun_AndRoundStarts" classname="DuckRoulette.Tests.Functional.HostTurnFlowTests" runstate="Runnable" seed="231404305" result="Passed" start-time="2026-09-15 18:43:57Z" end-time="2026-09-15 18:44:01Z" duration="4.104514" asserts="0">
                <properties>
                  <property name="_JOINTYPE" value="UnityCombinatorial" />
                  <property name="retryIteration" value="0" />
                  <property name="repeatIteration" value="0" />
                </properties>
              </test-case>
              <test-case id="1232" name="StartRound_WithNoGunHolder_DoesNotStart" fullname="DuckRoulette.Tests.Functional.HostTurnFlowTests.StartRound_WithNoGunHolder_DoesNotStart" methodname="StartRound_WithNoGunHolder_DoesNotStart" classname="DuckRoulette.Tests.Functional.HostTurnFlowTests" runstate="Runnable" seed="321449980" result="Passed" start-time="2026-09-15 18:44:01Z" end-time="2026-09-15 18:44:05Z" duration="3.971937" asserts="0">
                <properties>
                  <property name="_JOINTYPE" value="UnityCombinatorial" />
                  <property name="retryIteration" value="0" />
                  <property name="repeatIteration" value="0" />
                </properties>
              </test-case>
            </test-suite>
            <test-suite type="TestFixture" id="1233" name="PrefabIntegrityTests" fullname="DuckRoulette.Tests.Functional.PrefabIntegrityTests" classname="DuckRoulette.Tests.Functional.PrefabIntegrityTests" runstate="Runnable" testcasecount="111" result="Passed" start-time="2026-09-15 18:44:05Z" end-time="2026-09-15 18:44:06Z" duration="0.556738" total="111" passed="111" failed="0" inconclusive="0" skipped="0" asserts="0">
              <properties>
                <property name="Category" value="Functional" />
              </properties>
              <test-case id="1342" name="BlackjackCardPrefab_SpawnedByServer_IsRegisteredNetworkPrefab" fullname="DuckRoulette.Tests.Functional.PrefabIntegrityTests.BlackjackCardPrefab_SpawnedByServer_IsRegisteredNetworkPrefab" methodname="BlackjackCardPrefab_SpawnedByServer_IsRegisteredNetworkPrefab" classname="DuckRoulette.Tests.Functional.PrefabIntegrityTests" runstate="Runnable" seed="1264527589" result="Passed" start-time="2026-09-15 18:44:05Z" end-time="2026-09-15 18:44:05Z" duration="0.017972" asserts="0">
                <properties>
                  <property name="retryIteration" value="0" />
                  <property name="repeatIteration" value="0" />
                </properties>
              </test-case>
              <test-case id="1338" name="DefaultNetworkPrefabs_EveryEntryValid_AndHashesUnique" fullname="DuckRoulette.Tests.Functional.PrefabIntegrityTests.DefaultNetworkPrefabs_EveryEntryValid_AndHashesUnique" methodname="DefaultNetworkPrefabs_EveryEntryValid_AndHashesUnique" classname="DuckRoulette.Tests.Functional.PrefabIntegrityTests" runstate="Runnable" seed="1220596227" result="Passed" start-time="2026-09-15 18:44:05Z" end-time="2026-09-15 18:44:05Z" duration="0.007937" asserts="0">
                <properties>
                  <property name="retryIteration" value="0" />
                  <property name="repeatIteration" value="0" />
                </properties>
              </test-case>
              <test-suite type="ParameterizedMethod" id="1341" name="GameplayNetworkPrefab_IsRegisteredInDefaultNetworkPrefabs" fullname="DuckRoulette.Tests.Functional.PrefabIntegrityTests.GameplayNetworkPrefab_IsRegisteredInDefaultNetworkPrefabs" classname="DuckRoulette.Tests.Functional.PrefabIntegrityTests" runstate="Runnable" testcasecount="2" result="Passed" start-time="2026-09-15 18:44:05Z" end-time="2026-09-15 18:44:05Z" duration="0.073932" total="2" passed="2" failed="0" inconclusive="0" skipped="0" asserts="0">
                <properties />
                <test-case id="1339" name="GameplayNetworkPrefab_IsRegisteredInDefaultNetworkPrefabs(&quot;Assets/Prefabs/Player.prefab&quot;)" fullname="DuckRoulette.Tests.Functional.PrefabIntegrityTests.GameplayNetworkPrefab_IsRegisteredInDefaultNetworkPrefabs(&quot;Assets/Prefabs/Player.prefab&quot;)" methodname="GameplayNetworkPrefab_IsRegisteredInDefaultNetworkPrefabs" classname="DuckRoulette.Tests.Functional.PrefabIntegrityTests" runstate="Runnable" seed="239507951" result="Passed" start-time="2026-09-15 18:44:05Z" end-time="2026-09-15 18:44:05Z" duration="0.000508" asserts="0">
                  <properties>
                    <property name="retryIteration" value="0" />
                    <property name="repeatIteration" value="0" />
                  </properties>
                </test-case>
                <test-case id="1340" name="GameplayNetworkPrefab_IsRegisteredInDefaultNetworkPrefabs(&quot;Assets/Prefabs/Bullet.prefab&quot;)" fullname="DuckRoulette.Tests.Functional.PrefabIntegrityTests.GameplayNetworkPrefab_IsRegisteredInDefaultNetworkPrefabs(&quot;Assets/Prefabs/Bullet.prefab&quot;)" methodname="GameplayNetworkPrefab_IsRegisteredInDefaultNetworkPrefabs" classname="DuckRoulette.Tests.Functional.PrefabIntegrityTests" runstate="Runnable" seed="796635881" result="Passed" start-time="2026-09-15 18:44:05Z" end-time="2026-09-15 18:44:05Z" duration="0.000119" asserts="0">
                  <properties>
                    <property name="retryIteration" value="0" />
                    <property name="repeatIteration" value="0" />
                  </properties>
                </test-case>
              </test-suite>
              <test-suite type="ParameterizedMethod" id="1346" name="NetworkCosmetics_ItemArraysHaveNoNullSlots" fullname="DuckRoulette.Tests.Functional.PrefabIntegrityTests.NetworkCosmetics_ItemArraysHaveNoNullSlots" classname="DuckRoulette.Tests.Functional.PrefabIntegrityTests" runstate="Runnable" testcasecount="2" result="Passed" start-time="2026-09-15 18:44:05Z" end-time="2026-09-15 18:44:05Z" duration="0.004682" total="2" passed="2" failed="0" inconclusive="0" skipped="0" asserts="0">
                <properties />
                <test-case id="1344" name="NetworkCosmetics_ItemArraysHaveNoNullSlots(&quot;Assets/Prefabs/Player.prefab&quot;)" fullname="DuckRoulette.Tests.Functional.PrefabIntegrityTests.NetworkCosmetics_ItemArraysHaveNoNullSlots(&quot;Assets/Prefabs/Player.prefab&quot;)" methodname="NetworkCosmetics_ItemArraysHaveNoNullSlots" classname="DuckRoulette.Tests.Functional.PrefabIntegrityTests" runstate="Runnable" seed="896469861" result="Passed" start-time="2026-09-15 18:44:05Z" end-time="2026-09-15 18:44:05Z" duration="0.002902" asserts="0">
                  <properties>
                    <property name="retryIteration" value="0" />
                    <property name="repeatIteration" value="0" />
                  </properties>
                </test-case>
                <test-case id="1345" name="NetworkCosmetics_ItemArraysHaveNoNullSlots(&quot;Assets/Prefabs/Character.prefab&quot;)" fullname="DuckRoulette.Tests.Functional.PrefabIntegrityTests.NetworkCosmetics_ItemArraysHaveNoNullSlots(&quot;Assets/Prefabs/Character.prefab&quot;)" methodname="NetworkCosmetics_ItemArraysHaveNoNullSlots" classname="DuckRoulette.Tests.Functional.PrefabIntegrityTests" runstate="Runnable" seed="1731341985" result="Passed" start-time="2026-09-15 18:44:05Z" end-time="2026-09-15 18:44:05Z" duration="0.000764" asserts="0">
                  <properties>
                    <property name="retryIteration" value="0" />
                    <property name="repeatIteration" value="0" />
                  </properties>
                </test-case>
              </test-suite>
              <test-case id="1347" name="OfflineCharacterSelector_IndexSpaceMatchesNetworkedPlayer" fullname="DuckRoulette.Tests.Functional.PrefabIntegrityTests.OfflineCharacterSelector_IndexSpaceMatchesNetworkedPlayer" methodname="OfflineCharacterSelector_IndexSpaceMatchesNetworkedPlayer" classname="DuckRoulette.Tests.Functional.PrefabIntegrityTests" runstate="Runnable" seed="1797191971" result="Passed" start-time="2026-09-15 18:44:05Z" end-time="2026-09-15 18:44:05Z" duration="0.001299" asserts="0">
                <properties>
                  <property name="retryIteration" value="0" />
                  <property name="repeatIteration" value="0" />
                </properties>
              </test-case>
              <test-case id="1343" name="PlayerPrefab_HasCoreMatchComponents" fullname="DuckRoulette.Tests.Functional.PrefabIntegrityTests.PlayerPrefab_HasCoreMatchComponents" methodname="PlayerPrefab_HasCoreMatchComponents" classname="DuckRoulette.Tests.Functional.PrefabIntegrityTests" runstate="Runnable" seed="1709912811" result="Passed" start-time="2026-09-15 18:44:05Z" end-time="2026-09-15 18:44:05Z" duration="0.001063" asserts="0">
                <properties>
                  <property name="retryIteration" value="0" />
                  <property name="repeatIteration" value="0" />
                </properties>
              </test-case>
              <test-suite type="ParameterizedMethod" id="1337" name="Prefab_NoMissingScripts_NetworkBehavioursHaveNetworkObject" fullname="DuckRoulette.Tests.Functional.PrefabIntegrityTests.Prefab_NoMissingScripts_NetworkBehavioursHaveNetworkObject" classname="DuckRoulette.Tests.Functional.PrefabIntegrityTests" runstate="Runnable" testcasecount="103" result="Passed" start-time="2026-09-15 18:44:05Z" end-time="2026-09-15 18:44:06Z" duration="0.441333" total="103" passed="103" failed="0" inconclusive="0" skipped="0" asserts="0">
                <properties />
                <test-case id="1234" name="Prefab_NoMissingScripts_NetworkBehavioursHaveNetworkObject(&quot;Assets/Prefabs/Ball.prefab&quot;)" fullname="DuckRoulette.Tests.Functional.PrefabIntegrityTests.Prefab_NoMissingScripts_NetworkBehavioursHaveNetworkObject(&quot;Assets/Prefabs/Ball.prefab&quot;)" methodname="Prefab_NoMissingScripts_NetworkBehavioursHaveNetworkObject" classname="DuckRoulette.Tests.Functional.PrefabIntegrityTests" runstate="Runnable" seed="277688434" result="Passed" start-time="2026-09-15 18:44:06Z" end-time="2026-09-15 18:44:06Z" duration="0.001848" asserts="0">
                  <properties>
                    <property name="retryIteration" value="0" />
                    <property name="repeatIteration" value="0" />
                  </properties>
                </test-case>
                <test-case id="1235" name="Prefab_NoMissingScripts_NetworkBehavioursHaveNetworkObject(&quot;Assets/Prefabs/BlackjackTable.prefab&quot;)" fullname="DuckRoulette.Tests.Functional.PrefabIntegrityTests.Prefab_NoMissingScripts_NetworkBehavioursHaveNetworkObject(&quot;Assets/Prefabs/BlackjackTable.prefab&quot;)" methodname="Prefab_NoMissingScripts_NetworkBehavioursHaveNetworkObject" classname="DuckRoulette.Tests.Functional.PrefabIntegrityTests" runstate="Runnable" seed="543574137" result="Passed" start-time="2026-09-15 18:44:06Z" end-time="2026-09-15 18:44:06Z" duration="0.000275" asserts="0">
                  <properties>
                    <property name="retryIteration" value="0" />
                    <property name="repeatIteration" value="0" />
                  </properties>
                </test-case>
                <test-case id="1236" name="Prefab_NoMissingScripts_NetworkBehavioursHaveNetworkObject(&quot;Assets/Prefabs/Bullet.prefab&quot;)" fullname="DuckRoulette.Tests.Functional.PrefabIntegrityTests.Prefab_NoMissingScripts_NetworkBehavioursHaveNetworkObject(&quot;Assets/Prefabs/Bullet.prefab&quot;)" methodname="Prefab_NoMissingScripts_NetworkBehavioursHaveNetworkObject" classname="DuckRoulette.Tests.Functional.PrefabIntegrityTests" runstate="Runnable" seed="1788135015" result="Passed" start-time="2026-09-15 18:44:06Z" end-time="2026-09-15 18:44:06Z" duration="0.000097" asserts="0">
                  <properties>
                    <property name="retryIteration" value="0" />
                    <property name="repeatIteration" value="0" />
                  </properties>
                </test-case>
                <test-case id="1237" name="Prefab_NoMissingScripts_NetworkBehavioursHaveNetworkObject(&quot;Assets/Prefabs/Bumbox.prefab&quot;)" fullname="DuckRoulette.Tests.Functional.PrefabIntegrityTests.Prefab_NoMissingScripts_NetworkBehavioursHaveNetworkObject(&quot;Assets/Prefabs/Bumbox.prefab&quot;)" methodname="Prefab_NoMissingScripts_NetworkBehavioursHaveNetworkObject" classname="DuckRoulette.Tests.Functional.PrefabIntegrityTests" runstate="Runnable" seed="607545665" result="Passed" start-time="2026-09-15 18:44:06Z" end-time="2026-09-15 18:44:06Z" duration="0.000333" asserts="0">
                  <properties>
                    <property name="retryIteration" value="0" />
                    <property name="repeatIteration" value="0" />
                  </properties>
                </test-case>
                <test-case id="1238" name="Prefab_NoMissingScripts_NetworkBehavioursHaveNetworkObject(&quot;Assets/Prefabs/Campfire.prefab&quot;)" fullname="DuckRoulette.Tests.Functional.PrefabIntegrityTests.Prefab_NoMissingScripts_NetworkBehavioursHaveNetworkObject(&quot;Assets/Prefabs/Campfire.prefab&quot;)" methodname="Prefab_NoMissingScripts_NetworkBehavioursHaveNetworkObject" classname="DuckRoulette.Tests.Functional.PrefabIntegrityTests" runstate="Runnable" seed="773806792" result="Passed" start-time="2026-09-15 18:44:06Z" end-time="2026-09-15 18:44:06Z" duration="0.016714" asserts="0">
                  <properties>
                    <property name="retryIteration" value="0" />
                    <property name="repeatIteration" value="0" />
                  </properties>
                </test-case>
                <test-case id="1239" name="Prefab_NoMissingScripts_NetworkBehavioursHaveNetworkObject(&quot;Assets/Prefabs/CardBoard.prefab&quot;)" fullname="DuckRoulette.Tests.Functional.PrefabIntegrityTests.Prefab_NoMissingScripts_NetworkBehavioursHaveNetworkObject(&quot;Assets/Prefabs/CardBoard.prefab&quot;)" methodname="Prefab_NoMissingScripts_NetworkBehavioursHaveNetworkObject" classname="DuckRoulette.Tests.Functional.PrefabIntegrityTests" runstate="Runnable" seed="970463566" result="Passed" start-time="2026-09-15 18:44:06Z" end-time="2026-09-15 18:44:06Z" duration="0.002077" asserts="0">
                  <properties>
                    <property name="retryIteration" value="0" />
                    <property name="repeatIteration" value="0" />
                  </properties>
                </test-case>
                <test-case id="1240" name="Prefab_NoMissingScripts_NetworkBehavioursHaveNetworkObject(&quot;Assets/Prefabs/Character.prefab&quot;)" fullname="DuckRoulette.Tests.Functional.PrefabIntegrityTests.Prefab_NoMissingScripts_NetworkBehavioursHaveNetworkObject(&quot;Assets/Prefabs/Character.prefab&quot;)" methodname="Prefab_NoMissingScripts_NetworkBehavioursHaveNetworkObject" classname="DuckRoulette.Tests.Functional.PrefabIntegrityTests" runstate="Runnable" seed="1740331677" result="Passed" start-time="2026-09-15 18:44:06Z" end-time="2026-09-15 18:44:06Z" duration="0.000270" asserts="0">
                  <properties>
                    <property name="retryIteration" value="0" />
                    <property name="repeatIteration" value="0" />
                  </properties>
                </test-case>
                <test-case id="1241" name="Prefab_NoMissingScripts_NetworkBehavioursHaveNetworkObject(&quot;Assets/Prefabs/Chat.prefab&quot;)" fullname="DuckRoulette.Tests.Functional.PrefabIntegrityTests.Prefab_NoMissingScripts_NetworkBehavioursHaveNetworkObject(&quot;Assets/Prefabs/Chat.prefab&quot;)" methodname="Prefab_NoMissingScripts_NetworkBehavioursHaveNetworkObject" classname="DuckRoulette.Tests.Functional.PrefabIntegrityTests" runstate="Runnable" seed="2042488065" result="Passed" start-time="2026-09-15 18:44:06Z" end-time="2026-09-15 18:44:06Z" duration="0.011371" asserts="0">
                  <properties>
                    <property name="retryIteration" value="0" />
                    <property name="repeatIteration" value="0" />
                  </properties>
                </test-case>
                <test-case id="1242" name="Prefab_NoMissingScripts_NetworkBehavioursHaveNetworkObject(&quot;Assets/Prefabs/Cosmetics/Accessories/Bolt.prefab&quot;)" fullname="DuckRoulette.Tests.Functional.PrefabIntegrityTests.Prefab_NoMissingScripts_NetworkBehavioursHaveNetworkObject(&quot;Assets/Prefabs/Cosmetics/Accessories/Bolt.prefab&quot;)" methodname="Prefab_NoMissingScripts_NetworkBehavioursHaveNetworkObject" classname="DuckRoulette.Tests.Functional.PrefabIntegrityTests" runstate="Runnable" seed="840743582" result="Passed" start-time="2026-09-15 18:44:06Z" end-time="2026-09-15 18:44:06Z" duration="0.000147" asserts="0">
                  <properties>
                    <property name="retryIteration" value="0" />
                    <property name="repeatIteration" value="0" />
                  </properties>
                </test-case>
                <test-case id="1243" name="Prefab_NoMissingScripts_NetworkBehavioursHaveNetworkObject(&quot;Assets/Prefabs/Cosmetics/Accessories/Cigarette 2.prefab&quot;)" fullname="DuckRoulette.Tests.Functional.PrefabIntegrityTests.Prefab_NoMissingScripts_NetworkBehavioursHaveNetworkObject(&quot;Assets/Prefabs/Cosmetics/Accessories/Cigarette 2.prefab&quot;)" methodname="Prefab_NoMissingScripts_NetworkBehavioursHaveNetworkObject" classname="DuckRoulette.Tests.Functional.PrefabIntegrityTests" runstate="Runnable" seed="689342735" result="Passed" start-time="2026-09-15 18:44:06Z" end-time="2026-09-15 18:44:06Z" duration="0.000074" asserts="0">
                  <properties>
                    <property name="retryIteration" value="0" />
                    <property name="repeatIteration" value="0" />
                  </properties>
                </test-case>
                <test-case id="1244" name="Prefab_NoMissingScripts_NetworkBehavioursHaveNetworkObject(&quot;Assets/Prefabs/Cosmetics/Accessories/Cigarette.prefab&quot;)" fullname="DuckRoulette.Tests.Functional.PrefabIntegrityTests.Prefab_NoMissingScripts_NetworkBehavioursHaveNetworkObject(&quot;Assets/Prefabs/Cosmetics/Accessories/Cigarette.prefab&quot;)" methodname="Prefab_NoMissingScripts_NetworkBehavioursHaveNetworkObject" classname="DuckRoulette.Tests.Functional.PrefabIntegrityTests" runstate="Runnable" seed="1621318339" result="Passed" start-time="2026-09-15 18:44:06Z" end-time="2026-09-15 18:44:06Z" duration="0.000059" asserts="0">
                  <properties>
                    <property name="retryIteration" value="0" />
                    <property name="repeatIteration" value="0" />
                  </properties>
                </test-case>
                <test-case id="1245" name="Prefab_NoMissingScripts_NetworkBehavioursHaveNetworkObject(&quot;Assets/Prefabs/Cosmetics/Accessories/EyePatch.prefab&quot;)" fullname="DuckRoulette.Tests.Functional.PrefabIntegrityTests.Prefab_NoMissingScripts_NetworkBehavioursHaveNetworkObject(&quot;Assets/Prefabs/Cosmetics/Accessories/EyePatch.prefab&quot;)" methodname="Prefab_NoMissingScripts_NetworkBehavioursHaveNetworkObject" classname="DuckRoulette.Tests.Functional.PrefabIntegrityTests" runstate="Runnable" seed="1687483493" result="Passed" start-time="2026-09-15 18:44:06Z" end-time="2026-09-15 18:44:06Z" duration="0.000066" asserts="0">
                  <properties>
                    <property name="retryIteration" value="0" />
                    <property name="repeatIteration" value="0" />
                  </properties>
                </test-case>
                <test-case id="1246" name="Prefab_NoMissingScripts_NetworkBehavioursHaveNetworkObject(&quot;Assets/Prefabs/Cosmetics/Accessories/FilterMask.prefab&quot;)" fullname="DuckRoulette.Tests.Functional.PrefabIntegrityTests.Prefab_NoMissingScripts_NetworkBehavioursHaveNetworkObject(&quot;Assets/Prefabs/Cosmetics/Accessories/FilterMask.prefab&quot;)" methodname="Prefab_NoMissingScripts_NetworkBehavioursHaveNetworkObject" classname="DuckRoulette.Tests.Functional.PrefabIntegrityTests" runstate="Runnable" seed="1112073841" result="Passed" start-time="2026-09-15 18:44:06Z" end-time="2026-09-15 18:44:06Z" duration="0.000061" asserts="0">
                  <properties>
                    <property name="retryIteration" value="0" />
                    <property name="repeatIteration" value="0" />
                  </properties>
                </test-case>
                <test-case id="1247" name="Prefab_NoMissingScripts_NetworkBehavioursHaveNetworkObject(&quot;Assets/Prefabs/Cosmetics/Accessories/Goggles.prefab&quot;)" fullname="DuckRoulette.Tests.Functional.PrefabIntegrityTests.Prefab_NoMissingScripts_NetworkBehavioursHaveNetworkObject(&quot;Assets/Prefabs/Cosmetics/Accessories/Goggles.prefab&quot;)" methodname="Prefab_NoMissingScripts_NetworkBehavioursHaveNetworkObject" classname="DuckRoulette.Tests.Functional.PrefabIntegrityTests" runstate="Runnable" seed="718621446" result="Passed" start-time="2026-09-15 18:44:06Z" end-time="2026-09-15 18:44:06Z" duration="0.000061" asserts="0">
                  <properties>
                    <property name="retryIteration" value="0" />
                    <property name="repeatIteration" value="0" />
                  </properties>
                </test-case>
                <test-case id="1248" name="Prefab_NoMissingScripts_NetworkBehavioursHaveNetworkObject(&quot;Assets/Prefabs/Cosmetics/Accessories/Mustache.prefab&quot;)" fullname="DuckRoulette.Tests.Functional.PrefabIntegrityTests.Prefab_NoMissingScripts_NetworkBehavioursHaveNetworkObject(&quot;Assets/Prefabs/Cosmetics/Accessories/Mustache.prefab&quot;)" methodname="Prefab_NoMissingScripts_NetworkBehavioursHaveNetworkObject" classname="DuckRoulette.Tests.Functional.PrefabIntegrityTests" runstate="Runnable" seed="1827312403" result="Passed" start-time="2026-09-15 18:44:06Z" end-time="2026-09-15 18:44:06Z" duration="0.000061" asserts="0">
                  <properties>
                    <property name="retryIteration" value="0" />
                    <property name="repeatIteration" value="0" />
                  </properties>
                </test-case>
                <test-case id="1249" name="Prefab_NoMissingScripts_NetworkBehavioursHaveNetworkObject(&quot;Assets/Prefabs/Cosmetics/Accessories/Wing.prefab&quot;)" fullname="DuckRoulette.Tests.Functional.PrefabIntegrityTests.Prefab_NoMissingScripts_NetworkBehavioursHaveNetworkObject(&quot;Assets/Prefabs/Cosmetics/Accessories/Wing.prefab&quot;)" methodname="Prefab_NoMissingScripts_NetworkBehavioursHaveNetworkObject" classname="DuckRoulette.Tests.Functional.PrefabIntegrityTests" runstate="Runnable" seed="1657770457" result="Passed" start-time="2026-09-15 18:44:06Z" end-time="2026-09-15 18:44:06Z" duration="0.000059" asserts="0">
                  <properties>
                    <property name="retryIteration" value="0" />
                    <property name="repeatIteration" value="0" />
                  </properties>
                </test-case>
                <test-case id="1250" name="Prefab_NoMissingScripts_NetworkBehavioursHaveNetworkObject(&quot;Assets/Prefabs/Cosmetics/Hats/Arrowband.prefab&quot;)" fullname="DuckRoulette.Tests.Functional.PrefabIntegrityTests.Prefab_NoMissingScripts_NetworkBehavioursHaveNetworkObject(&quot;Assets/Prefabs/Cosmetics/Hats/Arrowband.prefab&quot;)" methodname="Prefab_NoMissingScripts_NetworkBehavioursHaveNetworkObject" classname="DuckRoulette.Tests.Functional.PrefabIntegrityTests" runstate="Runnable" seed="728572061" result="Passed" start-time="2026-09-15 18:44:06Z" end-time="2026-09-15 18:44:06Z" duration="0.000086" asserts="0">
                  <properties>
                    <property name="retryIteration" value="0" />
                    <property name="repeatIteration" value="0" />
                  </properties>
                </test-case>
                <test-case id="1251" name="Prefab_NoMissingScripts_NetworkBehavioursHaveNetworkObject(&quot;Assets/Prefabs/Cosmetics/Hats/BunnyEars.prefab&quot;)" fullname="DuckRoulette.Tests.Functional.PrefabIntegrityTests.Prefab_NoMissingScripts_NetworkBehavioursHaveNetworkObject(&quot;Assets/Prefabs/Cosmetics/Hats/BunnyEars.prefab&quot;)" methodname="Prefab_NoMissingScripts_NetworkBehavioursHaveNetworkObject" classname="DuckRoulette.Tests.Functional.PrefabIntegrityTests" runstate="Runnable" seed="802304477" result="Passed" start-time="2026-09-15 18:44:06Z" end-time="2026-09-15 18:44:06Z" duration="0.000065" asserts="0">
                  <properties>
                    <property name="retryIteration" value="0" />
                    <property name="repeatIteration" value="0" />
                  </properties>
                </test-case>
                <test-case id="1252" name="Prefab_NoMissingScripts_NetworkBehavioursHaveNetworkObject(&quot;Assets/Prefabs/Cosmetics/Hats/Cowboy Hat.prefab&quot;)" fullname="DuckRoulette.Tests.Functional.PrefabIntegrityTests.Prefab_NoMissingScripts_NetworkBehavioursHaveNetworkObject(&quot;Assets/Prefabs/Cosmetics/Hats/Cowboy Hat.prefab&quot;)" methodname="Prefab_NoMissingScripts_NetworkBehavioursHaveNetworkObject" classname="DuckRoulette.Tests.Functional.PrefabIntegrityTests" runstate="Runnable" seed="1720742645" result="Passed" start-time="2026-09-15 18:44:06Z" end-time="2026-09-15 18:44:06Z" duration="0.000061" asserts="0">
                  <properties>
                    <property name="retryIteration" value="0" />
                    <property name="repeatIteration" value="0" />
                  </properties>
                </test-case>
                <test-case id="1253" name="Prefab_NoMissingScripts_NetworkBehavioursHaveNetworkObject(&quot;Assets/Prefabs/Cosmetics/Hats/Crown.prefab&quot;)" fullname="DuckRoulette.Tests.Functional.PrefabIntegrityTests.Prefab_NoMissingScripts_NetworkBehavioursHaveNetworkObject(&quot;Assets/Prefabs/Cosmetics/Hats/Crown.prefab&quot;)" methodname="Prefab_NoMissingScripts_NetworkBehavioursHaveNetworkObject" classname="DuckRoulette.Tests.Functional.PrefabIntegrityTests" runstate="Runnable" seed="176675344" result="Passed" start-time="2026-09-15 18:44:06Z" end-time="2026-09-15 18:44:06Z" duration="0.000064" asserts="0">
                  <properties>
                    <property name="retryIteration" value="0" />
                    <property name="repeatIteration" value="0" />
                  </properties>
                </test-case>
                <test-case id="1254" name="Prefab_NoMissingScripts_NetworkBehavioursHaveNetworkObject(&quot;Assets/Prefabs/Cosmetics/Hats/Dunce.prefab&quot;)" fullname="DuckRoulette.Tests.Functional.PrefabIntegrityTests.Prefab_NoMissingScripts_NetworkBehavioursHaveNetworkObject(&quot;Assets/Prefabs/Cosmetics/Hats/Dunce.prefab&quot;)" methodname="Prefab_NoMissingScripts_NetworkBehavioursHaveNetworkObject" classname="DuckRoulette.Tests.Functional.PrefabIntegrityTests" runstate="Runnable" seed="739062665" result="Passed" start-time="2026-09-15 18:44:06Z" end-time="2026-09-15 18:44:06Z" duration="0.000058" asserts="0">
                  <properties>
                    <property name="retryIteration" value="0" />
                    <property name="repeatIteration" value="0" />
                  </properties>
                </test-case>
                <test-case id="1255" name="Prefab_NoMissingScripts_NetworkBehavioursHaveNetworkObject(&quot;Assets/Prefabs/Cosmetics/Hats/Earmuffs 1.prefab&quot;)" fullname="DuckRoulette.Tests.Functional.PrefabIntegrityTests.Prefab_NoMissingScripts_NetworkBehavioursHaveNetworkObject(&quot;Assets/Prefabs/Cosmetics/Hats/Earmuffs 1.prefab&quot;)" methodname="Prefab_NoMissingScripts_NetworkBehavioursHaveNetworkObject" classname="DuckRoulette.Tests.Functional.PrefabIntegrityTests" runstate="Runnable" seed="2071840717" result="Passed" start-time="2026-09-15 18:44:06Z" end-time="2026-09-15 18:44:06Z" duration="0.000063" asserts="0">
                  <properties>
                    <property name="retryIteration" value="0" />
                    <property name="repeatIteration" value="0" />
                  </properties>
                </test-case>
                <test-case id="1256" name="Prefab_NoMissingScripts_NetworkBehavioursHaveNetworkObject(&quot;Assets/Prefabs/Cosmetics/Hats/FaceShield.prefab&quot;)" fullname="DuckRoulette.Tests.Functional.PrefabIntegrityTests.Prefab_NoMissingScripts_NetworkBehavioursHaveNetworkObject(&quot;Assets/Prefabs/Cosmetics/Hats/FaceShield.prefab&quot;)" methodname="Prefab_NoMissingScripts_NetworkBehavioursHaveNetworkObject" classname="DuckRoulette.Tests.Functional.PrefabIntegrityTests" runstate="Runnable" seed="1164115920" result="Passed" start-time="2026-09-15 18:44:06Z" end-time="2026-09-15 18:44:06Z" duration="0.000061" asserts="0">
                  <properties>
                    <property name="retryIteration" value="0" />
                    <property name="repeatIteration" value="0" />
                  </properties>
                </test-case>
                <test-case id="1257" name="Prefab_NoMissingScripts_NetworkBehavioursHaveNetworkObject(&quot;Assets/Prefabs/Cosmetics/Hats/FaceShield2.prefab&quot;)" fullname="DuckRoulette.Tests.Functional.PrefabIntegrityTests.Prefab_NoMissingScripts_NetworkBehavioursHaveNetworkObject(&quot;Assets/Prefabs/Cosmetics/Hats/FaceShield2.prefab&quot;)" methodname="Prefab_NoMissingScripts_NetworkBehavioursHaveNetworkObject" classname="DuckRoulette.Tests.Functional.PrefabIntegrityTests" runstate="Runnable" seed="806172870" result="Passed" start-time="2026-09-15 18:44:06Z" end-time="2026-09-15 18:44:06Z" duration="0.000056" asserts="0">
                  <properties>
                    <property name="retryIteration" value="0" />
                    <property name="repeatIteration" value="0" />
                  </properties>
                </test-case>
                <test-case id="1258" name="Prefab_NoMissingScripts_NetworkBehavioursHaveNetworkObject(&quot;Assets/Prefabs/Cosmetics/Hats/Goggles2.prefab&quot;)" fullname="DuckRoulette.Tests.Functional.PrefabIntegrityTests.Prefab_NoMissingScripts_NetworkBehavioursHaveNetworkObject(&quot;Assets/Prefabs/Cosmetics/Hats/Goggles2.prefab&quot;)" methodname="Prefab_NoMissingScripts_NetworkBehavioursHaveNetworkObject" classname="DuckRoulette.Tests.Functional.PrefabIntegrityTests" runstate="Runnable" seed="1326951254" result="Passed" start-time="2026-09-15 18:44:06Z" end-time="2026-09-15 18:44:06Z" duration="0.000072" asserts="0">
                  <properties>
                    <property name="retryIteration" value="0" />
                    <property name="repeatIteration" value="0" />
                  </properties>
                </test-case>
                <test-case id="1259" name="Prefab_NoMissingScripts_NetworkBehavioursHaveNetworkObject(&quot;Assets/Prefabs/Cosmetics/Hats/Halo.prefab&quot;)" fullname="DuckRoulette.Tests.Functional.PrefabIntegrityTests.Prefab_NoMissingScripts_NetworkBehavioursHaveNetworkObject(&quot;Assets/Prefabs/Cosmetics/Hats/Halo.prefab&quot;)" methodname="Prefab_NoMissingScripts_NetworkBehavioursHaveNetworkObject" classname="DuckRoulette.Tests.Functional.PrefabIntegrityTests" runstate="Runnable" seed="1422870586" result="Passed" start-time="2026-09-15 18:44:06Z" end-time="2026-09-15 18:44:06Z" duration="0.000056" asserts="0">
                  <properties>
                    <property name="retryIteration" value="0" />
                    <property name="repeatIteration" value="0" />
                  </properties>
                </test-case>
                <test-case id="1260" name="Prefab_NoMissingScripts_NetworkBehavioursHaveNetworkObject(&quot;Assets/Prefabs/Cosmetics/Hats/Hat.prefab&quot;)" fullname="DuckRoulette.Tests.Functional.PrefabIntegrityTests.Prefab_NoMissingScripts_NetworkBehavioursHaveNetworkObject(&quot;Assets/Prefabs/Cosmetics/Hats/Hat.prefab&quot;)" methodname="Prefab_NoMissingScripts_NetworkBehavioursHaveNetworkObject" classname="DuckRoulette.Tests.Functional.PrefabIntegrityTests" runstate="Runnable" seed="2105682054" result="Passed" start-time="2026-09-15 18:44:06Z" end-time="2026-09-15 18:44:06Z" duration="0.000062" asserts="0">
                  <properties>
                    <property name="retryIteration" value="0" />
                    <property name="repeatIteration" value="0" />
                  </properties>
                </test-case>
                <test-case id="1261" name="Prefab_NoMissingScripts_NetworkBehavioursHaveNetworkObject(&quot;Assets/Prefabs/Cosmetics/Hats/Helmet.prefab&quot;)" fullname="DuckRoulette.Tests.Functional.PrefabIntegrityTests.Prefab_NoMissingScripts_NetworkBehavioursHaveNetworkObject(&quot;Assets/Prefabs/Cosmetics/Hats/Helmet.prefab&quot;)" methodname="Prefab_NoMissingScripts_NetworkBehavioursHaveNetworkObject" classname="DuckRoulette.Tests.Functional.PrefabIntegrityTests" runstate="Runnable" seed="1300596573" result="Passed" start-time="2026-09-15 18:44:06Z" end-time="2026-09-15 18:44:06Z" duration="0.000062" asserts="0">
                  <properties>
                    <property name="retryIteration" value="0" />
                    <property name="repeatIteration" value="0" />
                  </properties>
                </test-case>
                <test-case id="1262" name="Prefab_NoMissingScripts_NetworkBehavioursHaveNetworkObject(&quot;Assets/Prefabs/Cosmetics/Hats/Helmet2.prefab&quot;)" fullname="DuckRoulette.Tests.Functional.PrefabIntegrityTests.Prefab_NoMissingScripts_NetworkBehavioursHaveNetworkObject(&quot;Assets/Prefabs/Cosmetics/Hats/Helmet2.prefab&quot;)" methodname="Prefab_NoMissingScripts_NetworkBehavioursHaveNetworkObject" classname="DuckRoulette.Tests.Functional.PrefabIntegrityTests" runstate="Runnable" seed="1119771902" result="Passed" start-time="2026-09-15 18:44:06Z" end-time="2026-09-15 18:44:06Z" duration="0.000063" asserts="0">
                  <properties>
                    <property name="retryIteration" value="0" />
                    <property name="repeatIteration" value="0" />
                  </properties>
                </test-case>
                <test-case id="1263" name="Prefab_NoMissingScripts_NetworkBehavioursHaveNetworkObject(&quot;Assets/Prefabs/Cosmetics/Hats/HelmetEarFumffs.prefab&quot;)" fullname="DuckRoulette.Tests.Functional.PrefabIntegrityTests.Prefab_NoMissingScripts_NetworkBehavioursHaveNetworkObject(&quot;Assets/Prefabs/Cosmetics/Hats/HelmetEarFumffs.prefab&quot;)" methodname="Prefab_NoMissingScripts_NetworkBehavioursHaveNetworkObject" classname="DuckRoulette.Tests.Functional.PrefabIntegrityTests" runstate="Runnable" seed="2063919536" result="Passed" start-time="2026-09-15 18:44:06Z" end-time="2026-09-15 18:44:06Z" duration="0.000057" asserts="0">
                  <properties>
                    <property name="retryIteration" value="0" />
                    <property name="repeatIteration" value="0" />
                  </properties>
                </test-case>
                <test-case id="1264" name="Prefab_NoMissingScripts_NetworkBehavioursHaveNetworkObject(&quot;Assets/Prefabs/Cosmetics/Hats/HelmetGoogles.prefab&quot;)" fullname="DuckRoulette.Tests.Functional.PrefabIntegrityTests.Prefab_NoMissingScripts_NetworkBehavioursHaveNetworkObject(&quot;Assets/Prefabs/Cosmetics/Hats/HelmetGoogles.prefab&quot;)" methodname="Prefab_NoMissingScripts_NetworkBehavioursHaveNetworkObject" classname="DuckRoulette.Tests.Functional.PrefabIntegrityTests" runstate="Runnable" seed="1755577535" result="Passed" start-time="2026-09-15 18:44:06Z" end-time="2026-09-15 18:44:06Z" duration="0.000058" asserts="0">
                  <properties>
                    <property name="retryIteration" value="0" />
                    <property name="repeatIteration" value="0" />
                  </properties>
                </test-case>
                <test-case id="1265" name="Prefab_NoMissingScripts_NetworkBehavioursHaveNetworkObject(&quot;Assets/Prefabs/Cosmetics/Hats/HemletHat.prefab&quot;)" fullname="DuckRoulette.Tests.Functional.PrefabIntegrityTests.Prefab_NoMissingScripts_NetworkBehavioursHaveNetworkObject(&quot;Assets/Prefabs/Cosmetics/Hats/HemletHat.prefab&quot;)" methodname="Prefab_NoMissingScripts_NetworkBehavioursHaveNetworkObject" classname="DuckRoulette.Tests.Functional.PrefabIntegrityTests" runstate="Runnable" seed="1104771497" result="Passed" start-time="2026-09-15 18:44:06Z" end-time="2026-09-15 18:44:06Z" duration="0.000075" asserts="0">
                  <properties>
                    <property name="retryIteration" value="0" />
                    <property name="repeatIteration" value="0" />
                  </properties>
                </test-case>
                <test-case id="1266" name="Prefab_NoMissingScripts_NetworkBehavioursHaveNetworkObject(&quot;Assets/Prefabs/Cosmetics/Hats/Horn.prefab&quot;)" fullname="DuckRoulette.Tests.Functional.PrefabIntegrityTests.Prefab_NoMissingScripts_NetworkBehavioursHaveNetworkObject(&quot;Assets/Prefabs/Cosmetics/Hats/Horn.prefab&quot;)" methodname="Prefab_NoMissingScripts_NetworkBehavioursHaveNetworkObject" classname="DuckRoulette.Tests.Functional.PrefabIntegrityTests" runstate="Runnable" seed="1681435545" result="Passed" start-time="2026-09-15 18:44:06Z" end-time="2026-09-15 18:44:06Z" duration="0.000068" asserts="0">
                  <properties>
                    <property name="retryIteration" value="0" />
                    <property name="repeatIteration" value="0" />
                  </properties>
                </test-case>
                <test-case id="1267" name="Prefab_NoMissingScripts_NetworkBehavioursHaveNetworkObject(&quot;Assets/Prefabs/Cosmetics/Hats/PirateHat.prefab&quot;)" fullname="DuckRoulette.Tests.Functional.PrefabIntegrityTests.Prefab_NoMissingScripts_NetworkBehavioursHaveNetworkObject(&quot;Assets/Prefabs/Cosmetics/Hats/PirateHat.prefab&quot;)" methodname="Prefab_NoMissingScripts_NetworkBehavioursHaveNetworkObject" classname="DuckRoulette.Tests.Functional.PrefabIntegrityTests" runstate="Runnable" seed="385222754" result="Passed" start-time="2026-09-15 18:44:06Z" end-time="2026-09-15 18:44:06Z" duration="0.000059" asserts="0">
                  <properties>
                    <property name="retryIteration" value="0" />
                    <property name="repeatIteration" value="0" />
                  </properties>
                </test-case>
                <test-case id="1268" name="Prefab_NoMissingScripts_NetworkBehavioursHaveNetworkObject(&quot;Assets/Prefabs/Cosmetics/Hats/SeaCaptainHat.prefab&quot;)" fullname="DuckRoulette.Tests.Functional.PrefabIntegrityTests.Prefab_NoMissingScripts_NetworkBehavioursHaveNetworkObject(&quot;Assets/Prefabs/Cosmetics/Hats/SeaCaptainHat.prefab&quot;)" methodname="Prefab_NoMissingScripts_NetworkBehavioursHaveNetworkObject" classname="DuckRoulette.Tests.Functional.PrefabIntegrityTests" runstate="Runnable" seed="150833387" result="Passed" start-time="2026-09-15 18:44:06Z" end-time="2026-09-15 18:44:06Z" duration="0.000057" asserts="0">
                  <properties>
                    <property name="retryIteration" value="0" />
                    <property name="repeatIteration" value="0" />
                  </properties>
                </test-case>
                <test-case id="1269" name="Prefab_NoMissingScripts_NetworkBehavioursHaveNetworkObject(&quot;Assets/Prefabs/Cosmetics/Hats/Snapback.prefab&quot;)" fullname="DuckRoulette.Tests.Functional.PrefabIntegrityTests.Prefab_NoMissingScripts_NetworkBehavioursHaveNetworkObject(&quot;Assets/Prefabs/Cosmetics/Hats/Snapback.prefab&quot;)" methodname="Prefab_NoMissingScripts_NetworkBehavioursHaveNetworkObject" classname="DuckRoulette.Tests.Functional.PrefabIntegrityTests" runstate="Runnable" seed="997731587" result="Passed" start-time="2026-09-15 18:44:06Z" end-time="2026-09-15 18:44:06Z" duration="0.000051" asserts="0">
                  <properties>
                    <property name="retryIteration" value="0" />
                    <property name="repeatIteration" value="0" />
                  </properties>
                </test-case>
                <test-case id="1270" name="Prefab_NoMissingScripts_NetworkBehavioursHaveNetworkObject(&quot;Assets/Prefabs/Cosmetics/Hats/Sombrer.prefab&quot;)" fullname="DuckRoulette.Tests.Functional.PrefabIntegrityTests.Prefab_NoMissingScripts_NetworkBehavioursHaveNetworkObject(&quot;Assets/Prefabs/Cosmetics/Hats/Sombrer.prefab&quot;)" methodname="Prefab_NoMissingScripts_NetworkBehavioursHaveNetworkObject" classname="DuckRoulette.Tests.Functional.PrefabIntegrityTests" runstate="Runnable" seed="1337490845" result="Passed" start-time="2026-09-15 18:44:06Z" end-time="2026-09-15 18:44:06Z" duration="0.000050" asserts="0">
                  <properties>
                    <property name="retryIteration" value="0" />
                    <property name="repeatIteration" value="0" />
                  </properties>
                </test-case>
                <test-case id="1271" name="Prefab_NoMissingScripts_NetworkBehavioursHaveNetworkObject(&quot;Assets/Prefabs/Cosmetics/Hats/Sprout.prefab&quot;)" fullname="DuckRoulette.Tests.Functional.PrefabIntegrityTests.Prefab_NoMissingScripts_NetworkBehavioursHaveNetworkObject(&quot;Assets/Prefabs/Cosmetics/Hats/Sprout.prefab&quot;)" methodname="Prefab_NoMissingScripts_NetworkBehavioursHaveNetworkObject" classname="DuckRoulette.Tests.Functional.PrefabIntegrityTests" runstate="Runnable" seed="439237515" result="Passed" start-time="2026-09-15 18:44:06Z" end-time="2026-09-15 18:44:06Z" duration="0.000054" asserts="0">
                  <properties>
                    <property name="retryIteration" value="0" />
                    <property name="repeatIteration" value="0" />
                  </properties>
                </test-case>
                <test-case id="1272" name="Prefab_NoMissingScripts_NetworkBehavioursHaveNetworkObject(&quot;Assets/Prefabs/Cosmetics/Hats/Traffic Cone.prefab&quot;)" fullname="DuckRoulette.Tests.Functional.PrefabIntegrityTests.Prefab_NoMissingScripts_NetworkBehavioursHaveNetworkObject(&quot;Assets/Prefabs/Cosmetics/Hats/Traffic Cone.prefab&quot;)" methodname="Prefab_NoMissingScripts_NetworkBehavioursHaveNetworkObject" classname="DuckRoulette.Tests.Functional.PrefabIntegrityTests" runstate="Runnable" seed="2009597123" result="Passed" start-time="2026-09-15 18:44:06Z" end-time="2026-09-15 18:44:06Z" duration="0.000052" asserts="0">
                  <properties>
                    <property name="retryIteration" value="0" />
                    <property name="repeatIteration" value="0" />
                  </properties>
                </test-case>
                <test-case id="1273" name="Prefab_NoMissingScripts_NetworkBehavioursHaveNetworkObject(&quot;Assets/Prefabs/Cosmetics/Hats/Unicorn_Horn.prefab&quot;)" fullname="DuckRoulette.Tests.Functional.PrefabIntegrityTests.Prefab_NoMissingScripts_NetworkBehavioursHaveNetworkObject(&quot;Assets/Prefabs/Cosmetics/Hats/Unicorn_Horn.prefab&quot;)" methodname="Prefab_NoMissingScripts_NetworkBehavioursHaveNetworkObject" classname="DuckRoulette.Tests.Functional.PrefabIntegrityTests" runstate="Runnable" seed="1114415396" result="Passed" start-time="2026-09-15 18:44:06Z" end-time="2026-09-15 18:44:06Z" duration="0.000218" asserts="0">
                  <properties>
                    <property name="retryIteration" value="0" />
                    <property name="repeatIteration" value="0" />
                  </properties>
                </test-case>
                <test-case id="1274" name="Prefab_NoMissingScripts_NetworkBehavioursHaveNetworkObject(&quot;Assets/Prefabs/Cosmetics/Hats/VikingHelmet.prefab&quot;)" fullname="DuckRoulette.Tests.Functional.PrefabIntegrityTests.Prefab_NoMissingScripts_NetworkBehavioursHaveNetworkObject(&quot;Assets/Prefabs/Cosmetics/Hats/VikingHelmet.prefab&quot;)" methodname="Prefab_NoMissingScripts_NetworkBehavioursHaveNetworkObject" classname="DuckRoulette.Tests.Functional.PrefabIntegrityTests" runstate="Runnable" seed="539813880" result="Passed" start-time="2026-09-15 18:44:06Z" end-time="2026-09-15 18:44:06Z" duration="0.000208" asserts="0">
                  <properties>
                    <property name="retryIteration" value="0" />
                    <property name="repeatIteration" value="0" />
                  </properties>
                </test-case>
                <test-case id="1275" name="Prefab_NoMissingScripts_NetworkBehavioursHaveNetworkObject(&quot;Assets/Prefabs/Cosmetics/Hats/Witch_Hat.prefab&quot;)" fullname="DuckRoulette.Tests.Functional.PrefabIntegrityTests.Prefab_NoMissingScripts_NetworkBehavioursHaveNetworkObject(&quot;Assets/Prefabs/Cosmetics/Hats/Witch_Hat.prefab&quot;)" methodname="Prefab_NoMissingScripts_NetworkBehavioursHaveNetworkObject" classname="DuckRoulette.Tests.Functional.PrefabIntegrityTests" runstate="Runnable" seed="1588054438" result="Passed" start-time="2026-09-15 18:44:06Z" end-time="2026-09-15 18:44:06Z" duration="0.000113" asserts="0">
                  <properties>
                    <property name="retryIteration" value="0" />
                    <property name="repeatIteration" value="0" />
                  </properties>
                </test-case>
                <test-case id="1276" name="Prefab_NoMissingScripts_NetworkBehavioursHaveNetworkObject(&quot;Assets/Prefabs/Cosmetics/Shirts/Cape.prefab&quot;)" fullname="DuckRoulette.Tests.Functional.PrefabIntegrityTests.Prefab_NoMissingScripts_NetworkBehavioursHaveNetworkObject(&quot;Assets/Prefabs/Cosmetics/Shirts/Cape.prefab&quot;)" methodname="Prefab_NoMissingScripts_NetworkBehavioursHaveNetworkObject" classname="DuckRoulette.Tests.Functional.PrefabIntegrityTests" runstate="Runnable" seed="634775909" result="Passed" start-time="2026-09-15 18:44:06Z" end-time="2026-09-15 18:44:06Z" duration="0.000067" asserts="0">
                  <properties>
                    <property name="retryIteration" value="0" />
                    <property name="repeatIteration" value="0" />
                  </properties>
                </test-case>
                <test-case id="1277" name="Prefab_NoMissingScripts_NetworkBehavioursHaveNetworkObject(&quot;Assets/Prefabs/DefaultCard.prefab&quot;)" fullname="DuckRoulette.Tests.Functional.PrefabIntegrityTests.Prefab_NoMissingScripts_NetworkBehavioursHaveNetworkObject(&quot;Assets/Prefabs/DefaultCard.prefab&quot;)" methodname="Prefab_NoMissingScripts_NetworkBehavioursHaveNetworkObject" classname="DuckRoulette.Tests.Functional.PrefabIntegrityTests" runstate="Runnable" seed="775272391" result="Passed" start-time="2026-09-15 18:44:06Z" end-time="2026-09-15 18:44:06Z" duration="0.000063" asserts="0">
                  <properties>
                    <property name="retryIteration" value="0" />
                    <property name="repeatIteration" value="0" />
                  </properties>
                </test-case>
                <test-case id="1278" name="Prefab_NoMissingScripts_NetworkBehavioursHaveNetworkObject(&quot;Assets/Prefabs/ErrorMessage.prefab&quot;)" fullname="DuckRoulette.Tests.Functional.PrefabIntegrityTests.Prefab_NoMissingScripts_NetworkBehavioursHaveNetworkObject(&quot;Assets/Prefabs/ErrorMessage.prefab&quot;)" methodname="Prefab_NoMissingScripts_NetworkBehavioursHaveNetworkObject" classname="DuckRoulette.Tests.Functional.PrefabIntegrityTests" runstate="Runnable" seed="549507713" result="Passed" start-time="2026-09-15 18:44:06Z" end-time="2026-09-15 18:44:06Z" duration="0.001512" asserts="0">
                  <properties>
                    <property name="retryIteration" value="0" />
                    <property name="repeatIteration" value="0" />
                  </properties>
                </test-case>
                <test-case id="1279" name="Prefab_NoMissingScripts_NetworkBehavioursHaveNetworkObject(&quot;Assets/Prefabs/FriendCard.prefab&quot;)" fullname="DuckRoulette.Tests.Functional.PrefabIntegrityTests.Prefab_NoMissingScripts_NetworkBehavioursHaveNetworkObject(&quot;Assets/Prefabs/FriendCard.prefab&quot;)" methodname="Prefab_NoMissingScripts_NetworkBehavioursHaveNetworkObject" classname="DuckRoulette.Tests.Functional.PrefabIntegrityTests" runstate="Runnable" seed="900340429" result="Passed" start-time="2026-09-15 18:44:06Z" end-time="2026-09-15 18:44:06Z" duration="0.003430" asserts="0">
                  <properties>
                    <property name="retryIteration" value="0" />
                    <property name="repeatIteration" value="0" />
                  </properties>
                </test-case>
                <test-case id="1280" name="Prefab_NoMissingScripts_NetworkBehavioursHaveNetworkObject(&quot;Assets/Prefabs/Gun.prefab&quot;)" fullname="DuckRoulette.Tests.Functional.PrefabIntegrityTests.Prefab_NoMissingScripts_NetworkBehavioursHaveNetworkObject(&quot;Assets/Prefabs/Gun.prefab&quot;)" methodname="Prefab_NoMissingScripts_NetworkBehavioursHaveNetworkObject" classname="DuckRoulette.Tests.Functional.PrefabIntegrityTests" runstate="Runnable" seed="2016194979" result="Passed" start-time="2026-09-15 18:44:06Z" end-time="2026-09-15 18:44:06Z" duration="0.001285" asserts="0">
                  <properties>
                    <property name="retryIteration" value="0" />
                    <property name="repeatIteration" value="0" />
                  </properties>
                </test-case>
                <test-case id="1281" name="Prefab_NoMissingScripts_NetworkBehavioursHaveNetworkObject(&quot;Assets/Prefabs/Hail.prefab&quot;)" fullname="DuckRoulette.Tests.Functional.PrefabIntegrityTests.Prefab_NoMissingScripts_NetworkBehavioursHaveNetworkObject(&quot;Assets/Prefabs/Hail.prefab&quot;)" methodname="Prefab_NoMissingScripts_NetworkBehavioursHaveNetworkObject" classname="DuckRoulette.Tests.Functional.PrefabIntegrityTests" runstate="Runnable" seed="300689398" result="Passed" start-time="2026-09-15 18:44:06Z" end-time="2026-09-15 18:44:06Z" duration="0.000212" asserts="0">
                  <properties>
                    <property name="retryIteration" value="0" />
                    <property name="repeatIteration" value="0" />
                  </properties>
                </test-case>
                <test-case id="1282" name="Prefab_NoMissingScripts_NetworkBehavioursHaveNetworkObject(&quot;Assets/Prefabs/HidingLog.prefab&quot;)" fullname="DuckRoulette.Tests.Functional.PrefabIntegrityTests.Prefab_NoMissingScripts_NetworkBehavioursHaveNetworkObject(&quot;Assets/Prefabs/HidingLog.prefab&quot;)" methodname="Prefab_NoMissingScripts_NetworkBehavioursHaveNetworkObject" classname="DuckRoulette.Tests.Functional.PrefabIntegrityTests" runstate="Runnable" seed="1259714389" result="Passed" start-time="2026-09-15 18:44:06Z" end-time="2026-09-15 18:44:06Z" duration="0.000119" asserts="0">
                  <properties>
                    <property name="retryIteration" value="0" />
                    <property name="repeatIteration" value="0" />
                  </properties>
                </test-case>
                <test-case id="1283" name="Prefab_NoMissingScripts_NetworkBehavioursHaveNetworkObject(&quot;Assets/Prefabs/Log.prefab&quot;)" fullname="DuckRoulette.Tests.Functional.PrefabIntegrityTests.Prefab_NoMissingScripts_NetworkBehavioursHaveNetworkObject(&quot;Assets/Prefabs/Log.prefab&quot;)" methodname="Prefab_NoMissingScripts_NetworkBehavioursHaveNetworkObject" classname="DuckRoulette.Tests.Functional.PrefabIntegrityTests" runstate="Runnable" seed="987614010" result="Passed" start-time="2026-09-15 18:44:06Z" end-time="2026-09-15 18:44:06Z" duration="0.001085" asserts="0">
                  <properties>
                    <property name="retryIteration" value="0" />
                    <property name="repeatIteration" value="0" />
                  </properties>
                </test-case>
                <test-case id="1284" name="Prefab_NoMissingScripts_NetworkBehavioursHaveNetworkObject(&quot;Assets/Prefabs/LSocks.prefab&quot;)" fullname="DuckRoulette.Tests.Functional.PrefabIntegrityTests.Prefab_NoMissingScripts_NetworkBehavioursHaveNetworkObject(&quot;Assets/Prefabs/LSocks.prefab&quot;)" methodname="Prefab_NoMissingScripts_NetworkBehavioursHaveNetworkObject" classname="DuckRoulette.Tests.Functional.PrefabIntegrityTests" runstate="Runnable" seed="1567406101" result="Passed" start-time="2026-09-15 18:44:06Z" end-time="2026-09-15 18:44:06Z" duration="0.000105" asserts="0">
                  <properties>
                    <property name="retryIteration" value="0" />
                    <property name="repeatIteration" value="0" />
                  </properties>
                </test-case>
                <test-case id="1285" name="Prefab_NoMissingScripts_NetworkBehavioursHaveNetworkObject(&quot;Assets/Prefabs/OfflineCharacter.prefab&quot;)" fullname="DuckRoulette.Tests.Functional.PrefabIntegrityTests.Prefab_NoMissingScripts_NetworkBehavioursHaveNetworkObject(&quot;Assets/Prefabs/OfflineCharacter.prefab&quot;)" methodname="Prefab_NoMissingScripts_NetworkBehavioursHaveNetworkObject" classname="DuckRoulette.Tests.Functional.PrefabIntegrityTests" runstate="Runnable" seed="542523726" result="Passed" start-time="2026-09-15 18:44:06Z" end-time="2026-09-15 18:44:06Z" duration="0.000135" asserts="0">
                  <properties>
                    <property name="retryIteration" value="0" />
                    <property name="repeatIteration" value="0" />
                  </properties>
                </test-case>
                <test-case id="1286" name="Prefab_NoMissingScripts_NetworkBehavioursHaveNetworkObject(&quot;Assets/Prefabs/Pipe.prefab&quot;)" fullname="DuckRoulette.Tests.Functional.PrefabIntegrityTests.Prefab_NoMissingScripts_NetworkBehavioursHaveNetworkObject(&quot;Assets/Prefabs/Pipe.prefab&quot;)" methodname="Prefab_NoMissingScripts_NetworkBehavioursHaveNetworkObject" classname="DuckRoulette.Tests.Functional.PrefabIntegrityTests" runstate="Runnable" seed="1498864904" result="Passed" start-time="2026-09-15 18:44:06Z" end-time="2026-09-15 18:44:06Z" duration="0.000097" asserts="0">
                  <properties>
                    <property name="retryIteration" value="0" />
                    <property name="repeatIteration" value="0" />
                  </properties>
                </test-case>
                <test-case id="1287" name="Prefab_NoMissingScripts_NetworkBehavioursHaveNetworkObject(&quot;Assets/Prefabs/Player 1.prefab&quot;)" fullname="DuckRoulette.Tests.Functional.PrefabIntegrityTests.Prefab_NoMissingScripts_NetworkBehavioursHaveNetworkObject(&quot;Assets/Prefabs/Player 1.prefab&quot;)" methodname="Prefab_NoMissingScripts_NetworkBehavioursHaveNetworkObject" classname="DuckRoulette.Tests.Functional.PrefabIntegrityTests" runstate="Runnable" seed="1672519437" result="Passed" start-time="2026-09-15 18:44:06Z" end-time="2026-09-15 18:44:06Z" duration="0.000088" asserts="0">
                  <properties>
                    <property name="retryIteration" value="0" />
                    <property name="repeatIteration" value="0" />
                  </properties>
                </test-case>
                <test-case id="1288" name="Prefab_NoMissingScripts_NetworkBehavioursHaveNetworkObject(&quot;Assets/Prefabs/Player.prefab&quot;)" fullname="DuckRoulette.Tests.Functional.PrefabIntegrityTests.Prefab_NoMissingScripts_NetworkBehavioursHaveNetworkObject(&quot;Assets/Prefabs/Player.prefab&quot;)" methodname="Prefab_NoMissingScripts_NetworkBehavioursHaveNetworkObject" classname="DuckRoulette.Tests.Functional.PrefabIntegrityTests" runstate="Runnable" seed="2021637131" result="Passed" start-time="2026-09-15 18:44:06Z" end-time="2026-09-15 18:44:06Z" duration="0.000772" asserts="0">
                  <properties>
                    <property name="retryIteration" value="0" />
                    <property name="repeatIteration" value="0" />
                  </properties>
                </test-case>
                <test-case id="1289" name="Prefab_NoMissingScripts_NetworkBehavioursHaveNetworkObject(&quot;Assets/Prefabs/PlayerCard.prefab&quot;)" fullname="DuckRoulette.Tests.Functional.PrefabIntegrityTests.Prefab_NoMissingScripts_NetworkBehavioursHaveNetworkObject(&quot;Assets/Prefabs/PlayerCard.prefab&quot;)" methodname="Prefab_NoMissingScripts_NetworkBehavioursHaveNetworkObject" classname="DuckRoulette.Tests.Functional.PrefabIntegrityTests" runstate="Runnable" seed="353331364" result="Passed" start-time="2026-09-15 18:44:06Z" end-time="2026-09-15 18:44:06Z" duration="0.001450" asserts="0">
                  <properties>
                    <property name="retryIteration" value="0" />
                    <property name="repeatIteration" value="0" />
                  </properties>
                </test-case>
                <test-case id="1290" name="Prefab_NoMissingScripts_NetworkBehavioursHaveNetworkObject(&quot;Assets/Prefabs/Rock.prefab&quot;)" fullname="DuckRoulette.Tests.Functional.PrefabIntegrityTests.Prefab_NoMissingScripts_NetworkBehavioursHaveNetworkObject(&quot;Assets/Prefabs/Rock.prefab&quot;)" methodname="Prefab_NoMissingScripts_NetworkBehavioursHaveNetworkObject" classname="DuckRoulette.Tests.Functional.PrefabIntegrityTests" runstate="Runnable" seed="1526941864" result="Passed" start-time="2026-09-15 18:44:06Z" end-time="2026-09-15 18:44:06Z" duration="0.004012" asserts="0">
                  <properties>
                    <property name="retryIteration" value="0" />
                    <property name="repeatIteration" value="0" />
                  </properties>
                </test-case>
                <test-case id="1291" name="Prefab_NoMissingScripts_NetworkBehavioursHaveNetworkObject(&quot;Assets/Prefabs/RSocks.prefab&quot;)" fullname="DuckRoulette.Tests.Functional.PrefabIntegrityTests.Prefab_NoMissingScripts_NetworkBehavioursHaveNetworkObject(&quot;Assets/Prefabs/RSocks.prefab&quot;)" methodname="Prefab_NoMissingScripts_NetworkBehavioursHaveNetworkObject" classname="DuckRoulette.Tests.Functional.PrefabIntegrityTests" runstate="Runnable" seed="981962145" result="Passed" start-time="2026-09-15 18:44:06Z" end-time="2026-09-15 18:44:06Z" duration="0.000162" asserts="0">
                  <properties>
                    <property name="retryIteration" value="0" />
                    <property name="repeatIteration" value="0" />
                  </properties>
                </test-case>
                <test-case id="1292" name="Prefab_NoMissingScripts_NetworkBehavioursHaveNetworkObject(&quot;Assets/Prefabs/Table.prefab&quot;)" fullname="DuckRoulette.Tests.Functional.PrefabIntegrityTests.Prefab_NoMissingScripts_NetworkBehavioursHaveNetworkObject(&quot;Assets/Prefabs/Table.prefab&quot;)" methodname="Prefab_NoMissingScripts_NetworkBehavioursHaveNetworkObject" classname="DuckRoulette.Tests.Functional.PrefabIntegrityTests" runstate="Runnable" seed="1428078058" result="Passed" start-time="2026-09-15 18:44:06Z" end-time="2026-09-15 18:44:06Z" duration="0.001107" asserts="0">
                  <properties>
                    <property name="retryIteration" value="0" />
                    <property name="repeatIteration" value="0" />
                  </properties>
                </test-case>
                <test-case id="1293" name="Prefab_NoMissingScripts_NetworkBehavioursHaveNetworkObject(&quot;Assets/Prefabs/Tent.prefab&quot;)" fullname="DuckRoulette.Tests.Functional.PrefabIntegrityTests.Prefab_NoMissingScripts_NetworkBehavioursHaveNetworkObject(&quot;Assets/Prefabs/Tent.prefab&quot;)" methodname="Prefab_NoMissingScripts_NetworkBehavioursHaveNetworkObject" classname="DuckRoulette.Tests.Functional.PrefabIntegrityTests" runstate="Runnable" seed="1498419853" result="Passed" start-time="2026-09-15 18:44:06Z" end-time="2026-09-15 18:44:06Z" duration="0.001141" asserts="0">
                  <properties>
                    <property name="retryIteration" value="0" />
                    <property name="repeatIteration" value="0" />
                  </properties>
                </test-case>
                <test-case id="1294" name="Prefab_NoMissingScripts_NetworkBehavioursHaveNetworkObject(&quot;Assets/Prefabs/Tray.prefab&quot;)" fullname="DuckRoulette.Tests.Functional.PrefabIntegrityTests.Prefab_NoMissingScripts_NetworkBehavioursHaveNetworkObject(&quot;Assets/Prefabs/Tray.prefab&quot;)" methodname="Prefab_NoMissingScripts_NetworkBehavioursHaveNetworkObject" classname="DuckRoulette.Tests.Functional.PrefabIntegrityTests" runstate="Runnable" seed="1012265159" result="Passed" start-time="2026-09-15 18:44:06Z" end-time="2026-09-15 18:44:06Z" duration="0.003641" asserts="0">
                  <properties>
                    <property name="retryIteration" value="0" />
                    <property name="repeatIteration" value="0" />
                  </properties>
                </test-case>
                <test-case id="1295" name="Prefab_NoMissingScripts_NetworkBehavioursHaveNetworkObject(&quot;Assets/Prefabs/Tree.prefab&quot;)" fullname="DuckRoulette.Tests.Functional.PrefabIntegrityTests.Prefab_NoMissingScripts_NetworkBehavioursHaveNetworkObject(&quot;Assets/Prefabs/Tree.prefab&quot;)" methodname="Prefab_NoMissingScripts_NetworkBehavioursHaveNetworkObject" classname="DuckRoulette.Tests.Functional.PrefabIntegrityTests" runstate="Runnable" seed="439735104" result="Passed" start-time="2026-09-15 18:44:06Z" end-time="2026-09-15 18:44:06Z" duration="0.107231" asserts="0">
                  <properties>
                    <property name="retryIteration" value="0" />
                    <property name="repeatIteration" value="0" />
                  </properties>
                </test-case>
                <test-case id="1296" name="Prefab_NoMissingScripts_NetworkBehavioursHaveNetworkObject(&quot;Assets/Prefabs/Truck.prefab&quot;)" fullname="DuckRoulette.Tests.Functional.PrefabIntegrityTests.Prefab_NoMissingScripts_NetworkBehavioursHaveNetworkObject(&quot;Assets/Prefabs/Truck.prefab&quot;)" methodname="Prefab_NoMissingScripts_NetworkBehavioursHaveNetworkObject" classname="DuckRoulette.Tests.Functional.PrefabIntegrityTests" runstate="Runnable" seed="922716163" result="Passed" start-time="2026-09-15 18:44:06Z" end-time="2026-09-15 18:44:06Z" duration="0.013589" asserts="0">
                  <properties>
                    <property name="retryIteration" value="0" />
                    <property name="repeatIteration" value="0" />
                  </properties>
                </test-case>
                <test-case id="1297" name="Prefab_NoMissingScripts_NetworkBehavioursHaveNetworkObject(&quot;Assets/Prefabs/TutoBullet.prefab&quot;)" fullname="DuckRoulette.Tests.Functional.PrefabIntegrityTests.Prefab_NoMissingScripts_NetworkBehavioursHaveNetworkObject(&quot;Assets/Prefabs/TutoBullet.prefab&quot;)" methodname="Prefab_NoMissingScripts_NetworkBehavioursHaveNetworkObject" classname="DuckRoulette.Tests.Functional.PrefabIntegrityTests" runstate="Runnable" seed="924307693" result="Passed" start-time="2026-09-15 18:44:06Z" end-time="2026-09-15 18:44:06Z" duration="0.002011" asserts="0">
                  <properties>
                    <property name="retryIteration" value="0" />
                    <property name="repeatIteration" value="0" />
                  </properties>
                </test-case>
                <test-case id="1298" name="Prefab_NoMissingScripts_NetworkBehavioursHaveNetworkObject(&quot;Assets/Prefabs/Ui/blackJackMsg.prefab&quot;)" fullname="DuckRoulette.Tests.Functional.PrefabIntegrityTests.Prefab_NoMissingScripts_NetworkBehavioursHaveNetworkObject(&quot;Assets/Prefabs/Ui/blackJackMsg.prefab&quot;)" methodname="Prefab_NoMissingScripts_NetworkBehavioursHaveNetworkObject" classname="DuckRoulette.Tests.Functional.PrefabIntegrityTests" runstate="Runnable" seed="1081248847" result="Passed" start-time="2026-09-15 18:44:06Z" end-time="2026-09-15 18:44:06Z" duration="0.000211" asserts="0">
                  <properties>
                    <property name="retryIteration" value="0" />
                    <property name="repeatIteration" value="0" />
                  </properties>
                </test-case>
                <test-case id="1299" name="Prefab_NoMissingScripts_NetworkBehavioursHaveNetworkObject(&quot;Assets/Prefabs/Ui/Button.prefab&quot;)" fullname="DuckRoulette.Tests.Functional.PrefabIntegrityTests.Prefab_NoMissingScripts_NetworkBehavioursHaveNetworkObject(&quot;Assets/Prefabs/Ui/Button.prefab&quot;)" methodname="Prefab_NoMissingScripts_NetworkBehavioursHaveNetworkObject" classname="DuckRoulette.Tests.Functional.PrefabIntegrityTests" runstate="Runnable" seed="516546842" result="Passed" start-time="2026-09-15 18:44:06Z" end-time="2026-09-15 18:44:06Z" duration="0.000167" asserts="0">
                  <properties>
                    <property name="retryIteration" value="0" />
                    <property name="repeatIteration" value="0" />
                  </properties>
                </test-case>
                <test-case id="1300" name="Prefab_NoMissingScripts_NetworkBehavioursHaveNetworkObject(&quot;Assets/Prefabs/Ui/Challenge.prefab&quot;)" fullname="DuckRoulette.Tests.Functional.PrefabIntegrityTests.Prefab_NoMissingScripts_NetworkBehavioursHaveNetworkObject(&quot;Assets/Prefabs/Ui/Challenge.prefab&quot;)" methodname="Prefab_NoMissingScripts_NetworkBehavioursHaveNetworkObject" classname="DuckRoulette.Tests.Functional.PrefabIntegrityTests" runstate="Runnable" seed="6047948" result="Passed" start-time="2026-09-15 18:44:06Z" end-time="2026-09-15 18:44:06Z" duration="0.057116" asserts="0">
                  <properties>
                    <property name="retryIteration" value="0" />
                    <property name="repeatIteration" value="0" />
                  </properties>
                </test-case>
                <test-case id="1301" name="Prefab_NoMissingScripts_NetworkBehavioursHaveNetworkObject(&quot;Assets/Prefabs/Ui/Chat.prefab&quot;)" fullname="DuckRoulette.Tests.Functional.PrefabIntegrityTests.Prefab_NoMissingScripts_NetworkBehavioursHaveNetworkObject(&quot;Assets/Prefabs/Ui/Chat.prefab&quot;)" methodname="Prefab_NoMissingScripts_NetworkBehavioursHaveNetworkObject" classname="DuckRoulette.Tests.Functional.PrefabIntegrityTests" runstate="Runnable" seed="726851087" result="Passed" start-time="2026-09-15 18:44:06Z" end-time="2026-09-15 18:44:06Z" duration="0.014929" asserts="0">
                  <properties>
                    <property name="retryIteration" value="0" />
                    <property name="repeatIteration" value="0" />
                  </properties>
                </test-case>
                <test-case id="1302" name="Prefab_NoMissingScripts_NetworkBehavioursHaveNetworkObject(&quot;Assets/Prefabs/Ui/Coins.prefab&quot;)" fullname="DuckRoulette.Tests.Functional.PrefabIntegrityTests.Prefab_NoMissingScripts_NetworkBehavioursHaveNetworkObject(&quot;Assets/Prefabs/Ui/Coins.prefab&quot;)" methodname="Prefab_NoMissingScripts_NetworkBehavioursHaveNetworkObject" classname="DuckRoulette.Tests.Functional.PrefabIntegrityTests" runstate="Runnable" seed="567788059" result="Passed" start-time="2026-09-15 18:44:06Z" end-time="2026-09-15 18:44:06Z" duration="0.004264" asserts="0">
                  <properties>
                    <property name="retryIteration" value="0" />
                    <property name="repeatIteration" value="0" />
                  </properties>
                </test-case>
                <test-case id="1303" name="Prefab_NoMissingScripts_NetworkBehavioursHaveNetworkObject(&quot;Assets/Prefabs/Ui/DropDown.prefab&quot;)" fullname="DuckRoulette.Tests.Functional.PrefabIntegrityTests.Prefab_NoMissingScripts_NetworkBehavioursHaveNetworkObject(&quot;Assets/Prefabs/Ui/DropDown.prefab&quot;)" methodname="Prefab_NoMissingScripts_NetworkBehavioursHaveNetworkObject" classname="DuckRoulette.Tests.Functional.PrefabIntegrityTests" runstate="Runnable" seed="829580816" result="Passed" start-time="2026-09-15 18:44:06Z" end-time="2026-09-15 18:44:06Z" duration="0.000288" asserts="0">
                  <properties>
                    <property name="retryIteration" value="0" />
                    <property name="repeatIteration" value="0" />
                  </properties>
                </test-case>
                <test-case id="1304" name="Prefab_NoMissingScripts_NetworkBehavioursHaveNetworkObject(&quot;Assets/Prefabs/Ui/Error.prefab&quot;)" fullname="DuckRoulette.Tests.Functional.PrefabIntegrityTests.Prefab_NoMissingScripts_NetworkBehavioursHaveNetworkObject(&quot;Assets/Prefabs/Ui/Error.prefab&quot;)" methodname="Prefab_NoMissingScripts_NetworkBehavioursHaveNetworkObject" classname="DuckRoulette.Tests.Functional.PrefabIntegrityTests" runstate="Runnable" seed="320279612" result="Passed" start-time="2026-09-15 18:44:06Z" end-time="2026-09-15 18:44:06Z" duration="0.000157" asserts="0">
                  <properties>
                    <property name="retryIteration" value="0" />
                    <property name="repeatIteration" value="0" />
                  </properties>
                </test-case>
                <test-case id="1305" name="Prefab_NoMissingScripts_NetworkBehavioursHaveNetworkObject(&quot;Assets/Prefabs/Ui/Friend.prefab&quot;)" fullname="DuckRoulette.Tests.Functional.PrefabIntegrityTests.Prefab_NoMissingScripts_NetworkBehavioursHaveNetworkObject(&quot;Assets/Prefabs/Ui/Friend.prefab&quot;)" methodname="Prefab_NoMissingScripts_NetworkBehavioursHaveNetworkObject" classname="DuckRoulette.Tests.Functional.PrefabIntegrityTests" runstate="Runnable" seed="289334546" result="Passed" start-time="2026-09-15 18:44:06Z" end-time="2026-09-15 18:44:06Z" duration="0.029542" asserts="0">
                  <properties>
                    <property name="retryIteration" value="0" />
                    <property name="repeatIteration" value="0" />
                  </properties>
                </test-case>
                <test-case id="1306" name="Prefab_NoMissingScripts_NetworkBehavioursHaveNetworkObject(&quot;Assets/Prefabs/Ui/GamepadAutoMapper.prefab&quot;)" fullname="DuckRoulette.Tests.Functional.PrefabIntegrityTests.Prefab_NoMissingScripts_NetworkBehavioursHaveNetworkObject(&quot;Assets/Prefabs/Ui/GamepadAutoMapper.prefab&quot;)" methodname="Prefab_NoMissingScripts_NetworkBehavioursHaveNetworkObject" classname="DuckRoulette.Tests.Functional.PrefabIntegrityTests" runstate="Runnable" seed="940191001" result="Passed" start-time="2026-09-15 18:44:06Z" end-time="2026-09-15 18:44:06Z" duration="0.000189" asserts="0">
                  <properties>
                    <property name="retryIteration" value="0" />
                    <property name="repeatIteration" value="0" />
                  </properties>
                </test-case>
                <test-case id="1307" name="Prefab_NoMissingScripts_NetworkBehavioursHaveNetworkObject(&quot;Assets/Prefabs/Ui/Grid.prefab&quot;)" fullname="DuckRoulette.Tests.Functional.PrefabIntegrityTests.Prefab_NoMissingScripts_NetworkBehavioursHaveNetworkObject(&quot;Assets/Prefabs/Ui/Grid.prefab&quot;)" methodname="Prefab_NoMissingScripts_NetworkBehavioursHaveNetworkObject" classname="DuckRoulette.Tests.Functional.PrefabIntegrityTests" runstate="Runnable" seed="606327249" result="Passed" start-time="2026-09-15 18:44:06Z" end-time="2026-09-15 18:44:06Z" duration="0.000403" asserts="0">
                  <properties>
                    <property name="retryIteration" value="0" />
                    <property name="repeatIteration" value="0" />
                  </properties>
                </test-case>
[...]
                  <properties>
                    <property name="retryIteration" value="0" />
                    <property name="repeatIteration" value="0" />
                  </properties>
                </test-case>
              </test-suite>
              <test-case id="1084" name="GetSetting_NoDataLoaded_ReturnsDefault" fullname="DuckRoulette.Tests.Unit.SettingsManagerTests.GetSetting_NoDataLoaded_ReturnsDefault" methodname="GetSetting_NoDataLoaded_ReturnsDefault" classname="DuckRoulette.Tests.Unit.SettingsManagerTests" runstate="Runnable" seed="1273416136" result="Passed" start-time="2026-09-15 18:44:55Z" end-time="2026-09-15 18:44:55Z" duration="0.001159" asserts="0">
                <properties>
                  <property name="retryIteration" value="0" />
                  <property name="repeatIteration" value="0" />
                </properties>
              </test-case>
              <test-suite type="ParameterizedMethod" id="1106" name="IsTrueSetting_AcceptsTrueOrOne" fullname="DuckRoulette.Tests.Unit.SettingsManagerTests.IsTrueSetting_AcceptsTrueOrOne" classname="DuckRoulette.Tests.Unit.SettingsManagerTests" runstate="Runnable" testcasecount="8" result="Passed" start-time="2026-09-15 18:44:55Z" end-time="2026-09-15 18:44:55Z" duration="0.023446" total="8" passed="8" failed="0" inconclusive="0" skipped="0" asserts="0">
                <properties />
                <test-case id="1098" name="IsTrueSetting_AcceptsTrueOrOne(&quot;true&quot;,True)" fullname="DuckRoulette.Tests.Unit.SettingsManagerTests.IsTrueSetting_AcceptsTrueOrOne(&quot;true&quot;,True)" methodname="IsTrueSetting_AcceptsTrueOrOne" classname="DuckRoulette.Tests.Unit.SettingsManagerTests" runstate="Runnable" seed="22306612" result="Passed" start-time="2026-09-15 18:44:55Z" end-time="2026-09-15 18:44:55Z" duration="0.003110" asserts="0">
                  <properties>
                    <property name="retryIteration" value="0" />
                    <property name="repeatIteration" value="0" />
                  </properties>
                </test-case>
                <test-case id="1099" name="IsTrueSetting_AcceptsTrueOrOne(&quot;TRUE&quot;,True)" fullname="DuckRoulette.Tests.Unit.SettingsManagerTests.IsTrueSetting_AcceptsTrueOrOne(&quot;TRUE&quot;,True)" methodname="IsTrueSetting_AcceptsTrueOrOne" classname="DuckRoulette.Tests.Unit.SettingsManagerTests" runstate="Runnable" seed="2128796550" result="Passed" start-time="2026-09-15 18:44:55Z" end-time="2026-09-15 18:44:55Z" duration="0.001314" asserts="0">
                  <properties>
                    <property name="retryIteration" value="0" />
                    <property name="repeatIteration" value="0" />
                  </properties>
                </test-case>
                <test-case id="1100" name="IsTrueSetting_AcceptsTrueOrOne(&quot;1&quot;,True)" fullname="DuckRoulette.Tests.Unit.SettingsManagerTests.IsTrueSetting_AcceptsTrueOrOne(&quot;1&quot;,True)" methodname="IsTrueSetting_AcceptsTrueOrOne" classname="DuckRoulette.Tests.Unit.SettingsManagerTests" runstate="Runnable" seed="611357791" result="Passed" start-time="2026-09-15 18:44:55Z" end-time="2026-09-15 18:44:55Z" duration="0.001132" asserts="0">
                  <properties>
                    <property name="retryIteration" value="0" />
                    <property name="repeatIteration" value="0" />
                  </properties>
                </test-case>
                <test-case id="1101" name="IsTrueSetting_AcceptsTrueOrOne(&quot;false&quot;,False)" fullname="DuckRoulette.Tests.Unit.SettingsManagerTests.IsTrueSetting_AcceptsTrueOrOne(&quot;false&quot;,False)" methodname="IsTrueSetting_AcceptsTrueOrOne" classname="DuckRoulette.Tests.Unit.SettingsManagerTests" runstate="Runnable" seed="449392168" result="Passed" start-time="2026-09-15 18:44:55Z" end-time="2026-09-15 18:44:55Z" duration="0.001134" asserts="0">
                  <properties>
                    <property name="retryIteration" value="0" />
                    <property name="repeatIteration" value="0" />
                  </properties>
                </test-case>
                <test-case id="1102" name="IsTrueSetting_AcceptsTrueOrOne(&quot;0&quot;,False)" fullname="DuckRoulette.Tests.Unit.SettingsManagerTests.IsTrueSetting_AcceptsTrueOrOne(&quot;0&quot;,False)" methodname="IsTrueSetting_AcceptsTrueOrOne" classname="DuckRoulette.Tests.Unit.SettingsManagerTests" runstate="Runnable" seed="1496639612" result="Passed" start-time="2026-09-15 18:44:55Z" end-time="2026-09-15 18:44:55Z" duration="0.001015" asserts="0">
                  <properties>
                    <property name="retryIteration" value="0" />
                    <property name="repeatIteration" value="0" />
                  </properties>
                </test-case>
                <test-case id="1103" name="IsTrueSetting_AcceptsTrueOrOne(&quot;yes&quot;,False)" fullname="DuckRoulette.Tests.Unit.SettingsManagerTests.IsTrueSetting_AcceptsTrueOrOne(&quot;yes&quot;,False)" methodname="IsTrueSetting_AcceptsTrueOrOne" classname="DuckRoulette.Tests.Unit.SettingsManagerTests" runstate="Runnable" seed="546569207" result="Passed" start-time="2026-09-15 18:44:55Z" end-time="2026-09-15 18:44:55Z" duration="0.001008" asserts="0">
                  <properties>
                    <property name="retryIteration" value="0" />
                    <property name="repeatIteration" value="0" />
                  </properties>
                </test-case>
                <test-case id="1104" name="IsTrueSetting_AcceptsTrueOrOne(&quot;&quot;,False)" fullname="DuckRoulette.Tests.Unit.SettingsManagerTests.IsTrueSetting_AcceptsTrueOrOne(&quot;&quot;,False)" methodname="IsTrueSetting_AcceptsTrueOrOne" classname="DuckRoulette.Tests.Unit.SettingsManagerTests" runstate="Runnable" seed="978222775" result="Passed" start-time="2026-09-15 18:44:55Z" end-time="2026-09-15 18:44:55Z" duration="0.000968" asserts="0">
                  <properties>
                    <property name="retryIteration" value="0" />
                    <property name="repeatIteration" value="0" />
                  </properties>
                </test-case>
                <test-case id="1105" name="IsTrueSetting_AcceptsTrueOrOne(null,False)" fullname="DuckRoulette.Tests.Unit.SettingsManagerTests.IsTrueSetting_AcceptsTrueOrOne(null,False)" methodname="IsTrueSetting_AcceptsTrueOrOne" classname="DuckRoulette.Tests.Unit.SettingsManagerTests" runstate="Runnable" seed="606013099" result="Passed" start-time="2026-09-15 18:44:55Z" end-time="2026-09-15 18:44:55Z" duration="0.001053" asserts="0">
                  <properties>
                    <property name="retryIteration" value="0" />
                    <property name="repeatIteration" value="0" />
                  </properties>
                </test-case>
              </test-suite>
              <test-case id="1109" name="PersistSetting_OnInactiveObject_WritesImmediately" fullname="DuckRoulette.Tests.Unit.SettingsManagerTests.PersistSetting_OnInactiveObject_WritesImmediately" methodname="PersistSetting_OnInactiveObject_WritesImmediately" classname="DuckRoulette.Tests.Unit.SettingsManagerTests" runstate="Runnable" seed="1374825380" result="Passed" start-time="2026-09-15 18:44:55Z" end-time="2026-09-15 18:44:56Z" duration="0.012467" asserts="0">
                <properties>
                  <property name="retryIteration" value="0" />
                  <property name="repeatIteration" value="0" />
                </properties>
              </test-case>
              <test-case id="1085" name="SetSetting_CreatesSectionAndRoundTrips" fullname="DuckRoulette.Tests.Unit.SettingsManagerTests.SetSetting_CreatesSectionAndRoundTrips" methodname="SetSetting_CreatesSectionAndRoundTrips" classname="DuckRoulette.Tests.Unit.SettingsManagerTests" runstate="Runnable" seed="1679282520" result="Passed" start-time="2026-09-15 18:44:56Z" end-time="2026-09-15 18:44:56Z" duration="0.001429" asserts="0">
                <properties>
                  <property name="retryIteration" value="0" />
                  <property name="repeatIteration" value="0" />
                </properties>
              </test-case>
              <test-case id="1108" name="WriteSettingsToDisk_IniRoundTrip" fullname="DuckRoulette.Tests.Unit.SettingsManagerTests.WriteSettingsToDisk_IniRoundTrip" methodname="WriteSettingsToDisk_IniRoundTrip" classname="DuckRoulette.Tests.Unit.SettingsManagerTests" runstate="Runnable" seed="986493809" result="Passed" start-time="2026-09-15 18:44:56Z" end-time="2026-09-15 18:44:56Z" duration="0.006282" asserts="0">
                <properties>
                  <property name="retryIteration" value="0" />
                  <property name="repeatIteration" value="0" />
                </properties>
              </test-case>
            </test-suite>
            <test-suite type="TestFixture" id="1132" name="TaskManagerTests" fullname="DuckRoulette.Tests.Unit.TaskManagerTests" classname="DuckRoulette.Tests.Unit.TaskManagerTests" runstate="Runnable" testcasecount="14" result="Passed" start-time="2026-09-15 18:44:56Z" end-time="2026-09-15 18:44:56Z" duration="0.043638" total="14" passed="14" failed="0" inconclusive="0" skipped="0" asserts="0">
              <properties>
                <property name="Category" value="Unit" />
              </properties>
              <test-case id="1146" name="AuthoredPlayerPrefab_TaskListHasNoNullsOrDuplicates" fullname="DuckRoulette.Tests.Unit.TaskManagerTests.AuthoredPlayerPrefab_TaskListHasNoNullsOrDuplicates" methodname="AuthoredPlayerPrefab_TaskListHasNoNullsOrDuplicates" classname="DuckRoulette.Tests.Unit.TaskManagerTests" runstate="Runnable" seed="1599398380" result="Passed" start-time="2026-09-15 18:44:56Z" end-time="2026-09-15 18:44:56Z" duration="0.003674" asserts="0">
                <properties>
                  <property name="retryIteration" value="0" />
                  <property name="repeatIteration" value="0" />
                </properties>
              </test-case>
              <test-case id="1145" name="Challenge_LabelsFallBackWhenUnauthored" fullname="DuckRoulette.Tests.Unit.TaskManagerTests.Challenge_LabelsFallBackWhenUnauthored" methodname="Challenge_LabelsFallBackWhenUnauthored" classname="DuckRoulette.Tests.Unit.TaskManagerTests" runstate="Runnable" seed="2104317168" result="Passed" start-time="2026-09-15 18:44:56Z" end-time="2026-09-15 18:44:56Z" duration="0.001135" asserts="0">
                <properties>
                  <property name="retryIteration" value="0" />
                  <property name="repeatIteration" value="0" />
                </properties>
              </test-case>
              <test-case id="1135" name="CompleteTaskForPlayer_WhenNotServer_IsIgnored" fullname="DuckRoulette.Tests.Unit.TaskManagerTests.CompleteTaskForPlayer_WhenNotServer_IsIgnored" methodname="CompleteTaskForPlayer_WhenNotServer_IsIgnored" classname="DuckRoulette.Tests.Unit.TaskManagerTests" runstate="Runnable" seed="2030273238" result="Passed" start-time="2026-09-15 18:44:56Z" end-time="2026-09-15 18:44:56Z" duration="0.003209" asserts="0">
                <properties>
                  <property name="retryIteration" value="0" />
                  <property name="repeatIteration" value="0" />
                </properties>
                <output><![CDATA[NetworkVariable is written to, but doesn't know its NetworkBehaviour yet. Are you modifying a NetworkVariable before the NetworkObject is spawned?
]]></output>
              </test-case>
              <test-case id="1136" name="DistributeTasks_WhenNotServer_DealsNothing" fullname="DuckRoulette.Tests.Unit.TaskManagerTests.DistributeTasks_WhenNotServer_DealsNothing" methodname="DistributeTasks_WhenNotServer_DealsNothing" classname="DuckRoulette.Tests.Unit.TaskManagerTests" runstate="Runnable" seed="194046531" result="Passed" start-time="2026-09-15 18:44:56Z" end-time="2026-09-15 18:44:56Z" duration="0.001128" asserts="0">
                <properties>
                  <property name="retryIteration" value="0" />
                  <property name="repeatIteration" value="0" />
                </properties>
              </test-case>
              <test-case id="1142" name="GetTask_BoundsChecked" fullname="DuckRoulette.Tests.Unit.TaskManagerTests.GetTask_BoundsChecked" methodname="GetTask_BoundsChecked" classname="DuckRoulette.Tests.Unit.TaskManagerTests" runstate="Runnable" seed="936781489" result="Passed" start-time="2026-09-15 18:44:56Z" end-time="2026-09-15 18:44:56Z" duration="0.000579" asserts="0">
                <properties>
                  <property name="retryIteration" value="0" />
                  <property name="repeatIteration" value="0" />
                </properties>
              </test-case>
              <test-case id="1133" name="HasCompletedAllTasks_NothingAssigned_True" fullname="DuckRoulette.Tests.Unit.TaskManagerTests.HasCompletedAllTasks_NothingAssigned_True" methodname="HasCompletedAllTasks_NothingAssigned_True" classname="DuckRoulette.Tests.Unit.TaskManagerTests" runstate="Runnable" seed="636048543" result="Passed" start-time="2026-09-15 18:44:56Z" end-time="2026-09-15 18:44:56Z" duration="0.000299" asserts="0">
                <properties>
                  <property name="retryIteration" value="0" />
                  <property name="repeatIteration" value="0" />
                </properties>
              </test-case>
              <test-case id="1134" name="HasCompletedAllTasks_OpenTaskOnlyBlocksItsOwner" fullname="DuckRoulette.Tests.Unit.TaskManagerTests.HasCompletedAllTasks_OpenTaskOnlyBlocksItsOwner" methodname="HasCompletedAllTasks_OpenTaskOnlyBlocksItsOwner" classname="DuckRoulette.Tests.Unit.TaskManagerTests" runstate="Runnable" seed="209634142" result="Passed" start-time="2026-09-15 18:44:56Z" end-time="2026-09-15 18:44:56Z" duration="0.002568" asserts="0">
                <properties>
                  <property name="retryIteration" value="0" />
                  <property name="repeatIteration" value="0" />
                </properties>
                <output><![CDATA[NetworkVariable is written to, but doesn't know its NetworkBehaviour yet. Are you modifying a NetworkVariable before the NetworkObject is spawned?
NetworkVariable is written to, but doesn't know its NetworkBehaviour yet. Are you modifying a NetworkVariable before the NetworkObject is spawned?
NetworkVariable is written to, but doesn't know its NetworkBehaviour yet. Are you modifying a NetworkVariable before the NetworkObject is spawned?
]]></output>
              </test-case>
              <test-case id="1143" name="LocalPlayerQueries_WithoutNetworkManager_AreFalseOrEmpty" fullname="DuckRoulette.Tests.Unit.TaskManagerTests.LocalPlayerQueries_WithoutNetworkManager_AreFalseOrEmpty" methodname="LocalPlayerQueries_WithoutNetworkManager_AreFalseOrEmpty" classname="DuckRoulette.Tests.Unit.TaskManagerTests" runstate="Runnable" seed="1131179274" result="Passed" start-time="2026-09-15 18:44:56Z" end-time="2026-09-15 18:44:56Z" duration="0.003190" asserts="0">
                <properties>
                  <property name="retryIteration" value="0" />
                  <property name="repeatIteration" value="0" />
                </properties>
                <output><![CDATA[NetworkVariable is written to, but doesn't know its NetworkBehaviour yet. Are you modifying a NetworkVariable before the NetworkObject is spawned?
]]></output>
              </test-case>
              <test-case id="1137" name="PickTasks_DistinctRegisteredOnly_UpToTasksPerRound" fullname="DuckRoulette.Tests.Unit.TaskManagerTests.PickTasks_DistinctRegisteredOnly_UpToTasksPerRound" methodname="PickTasks_DistinctRegisteredOnly_UpToTasksPerRound" classname="DuckRoulette.Tests.Unit.TaskManagerTests" runstate="Runnable" seed="872228476" result="Passed" start-time="2026-09-15 18:44:56Z" end-time="2026-09-15 18:44:56Z" duration="0.004925" asserts="0">
                <properties>
                  <property name="retryIteration" value="0" />
                  <property name="repeatIteration" value="0" />
                </properties>
              </test-case>
              <test-case id="1140" name="PickTasks_EveryTaskEventuallyOffered" fullname="DuckRoulette.Tests.Unit.TaskManagerTests.PickTasks_EveryTaskEventuallyOffered" methodname="PickTasks_EveryTaskEventuallyOffered" classname="DuckRoulette.Tests.Unit.TaskManagerTests" runstate="Runnable" seed="1571189304" result="Passed" start-time="2026-09-15 18:44:56Z" end-time="2026-09-15 18:44:56Z" duration="0.002105" asserts="0">
                <properties>
                  <property name="retryIteration" value="0" />
                  <property name="repeatIteration" value="0" />
                </properties>
              </test-case>
              <test-case id="1139" name="PickTasks_NoTasksAuthored_ReturnsEmpty" fullname="DuckRoulette.Tests.Unit.TaskManagerTests.PickTasks_NoTasksAuthored_ReturnsEmpty" methodname="PickTasks_NoTasksAuthored_ReturnsEmpty" classname="DuckRoulette.Tests.Unit.TaskManagerTests" runstate="Runnable" seed="756259750" result="Passed" start-time="2026-09-15 18:44:56Z" end-time="2026-09-15 18:44:56Z" duration="0.001600" asserts="0">
                <properties>
                  <property name="retryIteration" value="0" />
                  <property name="repeatIteration" value="0" />
                </properties>
                <output><![CDATA[TaskManager: no tasks authored, nobody will get any.
]]></output>
              </test-case>
              <test-case id="1138" name="PickTasks_PoolSmallerThanQuota_ReturnsWholePool" fullname="DuckRoulette.Tests.Unit.TaskManagerTests.PickTasks_PoolSmallerThanQuota_ReturnsWholePool" methodname="PickTasks_PoolSmallerThanQuota_ReturnsWholePool" classname="DuckRoulette.Tests.Unit.TaskManagerTests" runstate="Runnable" seed="99751191" result="Passed" start-time="2026-09-15 18:44:56Z" end-time="2026-09-15 18:44:56Z" duration="0.000628" asserts="0">
                <properties>
                  <property name="retryIteration" value="0" />
                  <property name="repeatIteration" value="0" />
                </properties>
              </test-case>
              <test-case id="1141" name="RegisterObjective_NullIgnored_UnregisterRemoves" fullname="DuckRoulette.Tests.Unit.TaskManagerTests.RegisterObjective_NullIgnored_UnregisterRemoves" methodname="RegisterObjective_NullIgnored_UnregisterRemoves" classname="DuckRoulette.Tests.Unit.TaskManagerTests" runstate="Runnable" seed="967261521" result="Passed" start-time="2026-09-15 18:44:56Z" end-time="2026-09-15 18:44:56Z" duration="0.001352" asserts="0">
                <properties>
                  <property name="retryIteration" value="0" />
                  <property name="repeatIteration" value="0" />
                </properties>
              </test-case>
              <test-case id="1144" name="TaskEntry_EqualityAndNetworkSerializationRoundTrip" fullname="DuckRoulette.Tests.Unit.TaskManagerTests.TaskEntry_EqualityAndNetworkSerializationRoundTrip" methodname="TaskEntry_EqualityAndNetworkSerializationRoundTrip" classname="DuckRoulette.Tests.Unit.TaskManagerTests" runstate="Runnable" seed="1219654935" result="Passed" start-time="2026-09-15 18:44:56Z" end-time="2026-09-15 18:44:56Z" duration="0.001671" asserts="0">
                <properties>
                  <property name="retryIteration" value="0" />
                  <property name="repeatIteration" value="0" />
                </properties>
                <output><![CDATA[Saving results to: C:/Users/azerh/AppData/LocalLow/RoofLess/DuckRoulette\TestResults.xml
]]></output>
              </test-case>
            </test-suite>
          </test-suite>
        </test-suite>
      </test-suite>
    </test-suite>
  </test-suite>
</test-run>